23:40:38 Log started
23:40:38 appl. path:	c:\Source\cpp\OpenOrion\0.3.8
23:40:38 log path:	c:\Source\cpp\OpenOrion\0.3.8\log
23:40:38 config path:	c:\Source\cpp\OpenOrion\0.3.8\config
23:40:38 textures path:	c:\Source\cpp\OpenOrion\0.3.8\textures
23:40:38 fonts path:	c:\Source\cpp\OpenOrion\0.3.8\fonts
23:40:38 objects path:	c:\Source\cpp\OpenOrion\0.3.8\objects
23:40:38 scripts path:	c:\Source\cpp\OpenOrion\0.3.8\scripts
23:40:38 dialogs path:	c:\Source\cpp\OpenOrion\0.3.8\dialogs
23:40:38 Checking for required OpenGL-extensions...
23:40:38 Loading file: scripts/init.txt
23:40:38 Loading string: LoadConfig("config/default.cfg");
23:40:38 Loading config: "config/default.cfg"
23:40:38 Loading string: Init(gui);
23:40:38 Loading string: LoadTexture("textures/particle.bmp");
23:40:38 Loading texture: "textures/particle.bmp"
23:40:38 Loading string: LoadTexture("textures/ammo.bmp");
23:40:38 Loading texture: "textures/ammo.bmp"
23:40:38 Loading string: LoadTexture("textures/btard_xs.bmp");
23:40:38 Loading texture: "textures/btard_xs.bmp"
23:40:38 Loading string: LoadTexture("textures/bullet.bmp");
23:40:38 Loading texture: "textures/bullet.bmp"
23:40:38 Loading string: LoadTexture("textures/bump.bmp");
23:40:38 Loading texture: "textures/bump.bmp"
23:40:38 Loading string: LoadTexture("textures/explosions.bmp");
23:40:38 Loading texture: "textures/explosions.bmp"
23:40:38 Loading string: LoadTexture("textures/fail_screen.bmp");
23:40:38 Loading texture: "textures/fail_screen.bmp"
23:40:38 Loading string: LoadTexture("textures/heart.bmp");
23:40:38 Loading texture: "textures/heart.bmp"
23:40:38 Loading string: LoadTexture("textures/logo-cold.bmp");
23:40:38 Loading texture: "textures/logo-cold.bmp"
23:40:39 Loading string: LoadTexture("textures/main_menu-bkg.bmp");
23:40:39 Loading texture: "textures/main_menu-bkg.bmp"
23:40:39 Loading string: LoadTexture("textures/menu-bkg.bmp");
23:40:39 Loading texture: "textures/menu-bkg.bmp"
23:40:39 Loading string: LoadTexture("textures/powerups.bmp");
23:40:39 Loading texture: "textures/powerups.bmp"
23:40:39 Loading string: LoadTexture("textures/score.bmp");
23:40:39 Loading texture: "textures/score.bmp"
23:40:39 Loading string: LoadTexture("textures/shadow.bmp");
23:40:39 Loading texture: "textures/shadow.bmp"
23:40:39 Loading string: LoadTexture("textures/sharoebina_xs.bmp");
23:40:39 Loading texture: "textures/sharoebina_xs.bmp"
23:40:39 Loading string: LoadTexture("textures/slowpoke_projectile_xs.bmp");
23:40:39 Loading texture: "textures/slowpoke_projectile_xs.bmp"
23:40:39 Loading string: LoadTexture("textures/slowpoke_sprite_xs.bmp");
23:40:39 Loading texture: "textures/slowpoke_sprite_xs.bmp"
23:40:39 Loading string: LoadTexture("textures/snowman1.bmp");
23:40:39 Loading texture: "textures/snowman1.bmp"
23:40:39 Loading string: LoadTexture("textures/sohchan.bmp");
23:40:39 Loading texture: "textures/sohchan.bmp"
23:40:39 Loading string: LoadTexture("textures/sohchan_face.bmp");
23:40:39 Loading texture: "textures/sohchan_face.bmp"
23:40:39 Loading string: LoadTexture("textures/sohchan_figure.bmp");
23:40:39 Loading texture: "textures/sohchan_figure.bmp"
23:40:39 Loading string: LoadTexture("textures/tiles_city.bmp");
23:40:39 Loading texture: "textures/tiles_city.bmp"
23:40:39 Loading string: LoadTexture("textures/tiles_city_anim.bmp");
23:40:39 Loading texture: "textures/tiles_city_anim.bmp"
23:40:39 Loading string: LoadTexture("textures/tree2.bmp");
23:40:39 Loading texture: "textures/tree2.bmp"
23:40:39 Loading string: LoadTexture("textures/unyl_tan_figure.bmp");
23:40:39 Loading texture: "textures/unyl_tan_figure.bmp"
23:40:39 Loading string: LoadTexture("textures/win_screen.bmp");
23:40:39 Loading texture: "textures/win_screen.bmp"
23:40:39 Loading string: LoadTexture("textures/cmaniac.bmp");
23:40:39 Loading texture: "textures/cmaniac.bmp"
23:40:39 Loading string: LoadTexture("textures/fire_shot.bmp");
23:40:39 Loading texture: "textures/fire_shot.bmp"
23:40:39 Loading string: LoadTexture("textures/phys_floor.bmp");
23:40:39 Loading texture: "textures/phys_floor.bmp"
23:40:39 Loading string: LoadResource("objects/anonya.txt");
23:40:39 Loading resource: "objects/anonya.txt"
23:40:39 Loading string: LoadResource("objects/bullet.txt");
23:40:39 Loading resource: "objects/bullet.txt"
23:40:39 Loading string: LoadResource("objects/btard_Xs.txt");
23:40:39 Loading resource: "objects/btard_Xs.txt"
23:40:39 SetResourceField(): unknown field
23:40:39 SetResourceField(): unknown field
23:40:39 Loading string: LoadResource("objects/pwr_health.txt");
23:40:39 Loading resource: "objects/pwr_health.txt"
23:40:39 Loading string: LoadResource("objects/pwr_ammo.txt");
23:40:39 Loading resource: "objects/pwr_ammo.txt"
23:40:39 Loading string: LoadResource("objects/pwr_score.txt");
23:40:39 Loading resource: "objects/pwr_score.txt"
23:40:39 Loading string: LoadResource("objects/explosion.txt");
23:40:39 Loading resource: "objects/explosion.txt"
23:40:39 Loading string: LoadResource("objects/tile_floor.txt");
23:40:39 Loading resource: "objects/tile_floor.txt"
23:40:39 SetResourceField(): unknown field
23:40:39 Loading string: LoadResource("objects/tile_wall.txt");
23:40:39 Loading resource: "objects/tile_wall.txt"
23:40:40 Loading string: LoadResource("objects/tile_wall_1.txt");
23:40:40 Loading resource: "objects/tile_wall_1.txt"
23:40:40 Loading string: LoadResource("objects/tile_column_1.txt");
23:40:40 Loading resource: "objects/tile_column_1.txt"
23:40:40 Loading string: LoadResource("objects/tile_wall_main.txt");
23:40:40 Loading resource: "objects/tile_wall_main.txt"
23:40:40 Loading string: LoadResource("objects/tile_wall_2.txt");
23:40:40 Loading resource: "objects/tile_wall_2.txt"
23:40:40 Loading string: LoadResource("objects/tile_wall_lamp.txt");
23:40:40 Loading resource: "objects/tile_wall_lamp.txt"
23:40:40 Loading string: LoadResource("objects/tile_wall_up.txt");
23:40:40 Loading resource: "objects/tile_wall_up.txt"
23:40:40 Loading string: LoadResource("objects/sohchan_face.txt");
23:40:40 Loading resource: "objects/sohchan_face.txt"
23:40:40 Loading string: LoadResource("objects/btard_face.txt");
23:40:40 Loading resource: "objects/btard_face.txt"
23:40:40 Loading string: LoadResource("objects/unyl_tan_figure.txt");
23:40:40 Loading resource: "objects/unyl_tan_figure.txt"
23:40:40 Loading string: LoadResource("objects/shadow.txt");
23:40:40 Loading resource: "objects/shadow.txt"
23:40:40 Loading string: LoadResource("objects/slowpoke_xs.txt");
23:40:40 Loading resource: "objects/slowpoke_xs.txt"
23:40:40 Loading string: LoadResource("objects/slowpoke_face.txt");
23:40:40 Loading resource: "objects/slowpoke_face.txt"
23:40:40 Loading string: LoadResource("objects/slowpoke_projectile_xs.txt");
23:40:40 Loading resource: "objects/slowpoke_projectile_xs.txt"
23:40:40 Loading string: LoadResource("objects/tile_city1.txt");
23:40:40 Loading resource: "objects/tile_city1.txt"
23:40:40 SetResourceField(): unknown field
23:40:40 Loading string: LoadResource("objects/tile_city2.txt");
23:40:40 Loading resource: "objects/tile_city2.txt"
23:40:40 SetResourceField(): unknown field
23:40:40 Loading string: LoadResource("objects/tile_city3.txt");
23:40:40 Loading resource: "objects/tile_city3.txt"
23:40:40 SetResourceField(): unknown field
23:40:40 Loading string: LoadResource("objects/tile_city4.txt");
23:40:40 Loading resource: "objects/tile_city4.txt"
23:40:40 Loading string: LoadResource("objects/tile_city5.txt");
23:40:40 Loading resource: "objects/tile_city5.txt"
23:40:40 Loading string: LoadResource("objects/tile_city6.txt");
23:40:40 Loading resource: "objects/tile_city6.txt"
23:40:40 Loading string: LoadResource("objects/tile_city7.txt");
23:40:40 Loading resource: "objects/tile_city7.txt"
23:40:40 Loading string: LoadResource("objects/tile_city8.txt");
23:40:40 Loading resource: "objects/tile_city8.txt"
23:40:40 Loading string: LoadResource("objects/tile_city9.txt");
23:40:40 Loading resource: "objects/tile_city9.txt"
23:40:40 Loading string: LoadResource("objects/tile_city10.txt");
23:40:40 Loading resource: "objects/tile_city10.txt"
23:40:40 Loading string: LoadResource("objects/tile_city11.txt");
23:40:40 Loading resource: "objects/tile_city11.txt"
23:40:40 Loading string: LoadResource("objects/tile_city12.txt");
23:40:40 Loading resource: "objects/tile_city12.txt"
23:40:40 Loading string: LoadResource("objects/tile_city13.txt");
23:40:40 Loading resource: "objects/tile_city13.txt"
23:40:40 Loading string: LoadResource("objects/tile_city14.txt");
23:40:40 Loading resource: "objects/tile_city14.txt"
23:40:40 Loading string: LoadResource("objects/tile_city15.txt");
23:40:40 Loading resource: "objects/tile_city15.txt"
23:40:40 Loading string: LoadResource("objects/tile_city16.txt");
23:40:40 Loading resource: "objects/tile_city16.txt"
23:40:40 Loading string: LoadResource("objects/tile_city17.txt");
23:40:40 Loading resource: "objects/tile_city17.txt"
23:40:40 Loading string: LoadResource("objects/tile_city18.txt");
23:40:40 Loading resource: "objects/tile_city18.txt"
23:40:40 Loading string: LoadResource("objects/tile_city19.txt");
23:40:40 Loading resource: "objects/tile_city19.txt"
23:40:40 Loading string: LoadResource("objects/tile_city20.txt");
23:40:40 Loading resource: "objects/tile_city20.txt"
23:40:40 Loading string: LoadResource("objects/tile_city21.txt");
23:40:40 Loading resource: "objects/tile_city21.txt"
23:40:40 Loading string: LoadResource("objects/tile_city22.txt");
23:40:40 Loading resource: "objects/tile_city22.txt"
23:40:40 Loading string: LoadResource("objects/tile_city23.txt");
23:40:40 Loading resource: "objects/tile_city23.txt"
23:40:40 Loading string: LoadResource("objects/tile_city24.txt");
23:40:40 Loading resource: "objects/tile_city24.txt"
23:40:40 Loading string: LoadResource("objects/tile_city25.txt");
23:40:40 Loading resource: "objects/tile_city25.txt"
23:40:40 Loading string: LoadResource("objects/tile_city26.txt");
23:40:40 Loading resource: "objects/tile_city26.txt"
23:40:40 Loading string: LoadResource("objects/tile_city27.txt");
23:40:40 Loading resource: "objects/tile_city27.txt"
23:40:40 Loading string: LoadResource("objects/tile_city28.txt");
23:40:40 Loading resource: "objects/tile_city28.txt"
23:40:40 Loading string: LoadResource("objects/tile_city29.txt");
23:40:40 Loading resource: "objects/tile_city29.txt"
23:40:40 Loading string: LoadResource("objects/tile_city30.txt");
23:40:40 Loading resource: "objects/tile_city30.txt"
23:40:40 Loading string: LoadResource("objects/tile_city31.txt");
23:40:40 Loading resource: "objects/tile_city31.txt"
23:40:40 Loading string: LoadResource("objects/tile_city32.txt");
23:40:40 Loading resource: "objects/tile_city32.txt"
23:40:40 Loading string: LoadResource("objects/tile_city32.txt");
23:40:40 Loading resource: "objects/tile_city32.txt"
23:40:40 Loading string: LoadResource("objects/tile_city33.txt");
23:40:40 Loading resource: "objects/tile_city33.txt"
23:40:40 Loading string: LoadResource("objects/tile_city34.txt");
23:40:40 Loading resource: "objects/tile_city34.txt"
23:40:40 Loading string: LoadResource("objects/tile_city35.txt");
23:40:40 Loading resource: "objects/tile_city35.txt"
23:40:40 Loading string: LoadResource("objects/tile_city36.txt");
23:40:40 Loading resource: "objects/tile_city36.txt"
23:40:41 Loading string: LoadResource("objects/tile_city37.txt");
23:40:41 Loading resource: "objects/tile_city37.txt"
23:40:41 Loading string: LoadResource("objects/tile_city38.txt");
23:40:41 Loading resource: "objects/tile_city38.txt"
23:40:41 Loading string: LoadResource("objects/tile_city39.txt");
23:40:41 Loading resource: "objects/tile_city39.txt"
23:40:41 Loading string: LoadResource("objects/tile_city40.txt");
23:40:41 Loading resource: "objects/tile_city40.txt"
23:40:41 Loading string: LoadResource("objects/tile_city41.txt");
23:40:41 Loading resource: "objects/tile_city41.txt"
23:40:41 Loading string: LoadResource("objects/tile_city42.txt");
23:40:41 Loading resource: "objects/tile_city42.txt"
23:40:41 Loading string: LoadResource("objects/tile_city43.txt");
23:40:41 Loading resource: "objects/tile_city43.txt"
23:40:41 Loading string: LoadResource("objects/snowman1.txt");
23:40:41 Loading resource: "objects/snowman1.txt"
23:40:41 Loading string: LoadResource("objects/tree2.txt");
23:40:41 Loading resource: "objects/tree2.txt"
23:40:41 Loading string: LoadResource("objects/bump_sign.txt");
23:40:41 Loading resource: "objects/bump_sign.txt"
23:40:41 Loading string: LoadResource("objects/tile_tree.txt");
23:40:41 Loading resource: "objects/tile_tree.txt"
23:40:41 Loading string: LoadResource("objects/cmaniac.txt");
23:40:41 Loading resource: "objects/cmaniac.txt"
23:40:41 SetResourceField(): unknown field
23:40:41 Loading string: LoadResource("objects/fire_shot.txt");
23:40:41 Loading resource: "objects/fire_shot.txt"
23:40:41 Loading string: LoadResource("objects/phys_floor.txt");
23:40:41 Loading resource: "objects/phys_floor.txt"
23:40:41 Loading string: LoadDialog("dialogs/s_dialog_1.txt");
23:40:41 Loading dialog: "dialogs/s_dialog_1.txt"
23:40:41 Loading string: LoadDialog("dialogs/s_dialog_2.txt");
23:40:41 Loading dialog: "dialogs/s_dialog_2.txt"
23:40:41 Loading string: LoadFont("Courier New", 14, 400, "default");
23:40:41 Loading font: "Courier New"
23:40:41 Loading string: Init(console);
23:40:41 Loading string: LoadSound("sounds/music/iie_lab.it");
23:40:41 Loading string: LoadSound("sounds/music/iie_boss.it");
23:40:41 Loading string: LoadSound("sounds/music/iie_street.it");
23:40:41 Loading string: LoadSound("sounds/music/iie_win_jingle.it");
23:40:41 Loading string: LoadSound("sounds/explosion.ogg");
23:40:41 Loading string: LoadSound("sounds/health_appear.ogg");
23:40:41 Loading string: LoadSound("sounds/item_appear.ogg");
23:40:41 Loading string: LoadSound("sounds/blaster_shot.ogg");
23:40:41 Loading string: LoadWeather("particles/snow.txt");
23:40:41 Loading weather: "particles/snow.txt"
23:40:41 Loading string: Load("scripts/menu_main.txt");
23:40:41 Loading file: scripts/menu_main.txt
23:40:41 Loading string: NewGUIElem("GUIVidget", "vdgMainScreen");
23:40:41 Loading string: SetGUIElem("vdgMainScreen", "Width", 1024);
23:40:41 Loading string: SetGUIElem("vdgMainScreen", "Height", 768);
23:40:41 Loading string: SetGUIElem("vdgMainScreen", "X", 0);
23:40:41 Loading string: SetGUIElem("vdgMainScreen", "Y", 0);
23:40:41 Loading string: SetGUIElem("vdgMainScreen", "Color", 255, 255, 255, 255);
23:40:41 Loading string: SetGUIElem("vdgMainScreen", "Texture", "main_menu-bkg");
23:40:41 Loading string: SetGUIElem("vdgMainScreen", "Visible", 1);
23:40:41 Loading string: SetGUIElem("vdgMainScreen", "PatternCount", 1);
23:40:41 Loading string: SetGUIElem("vdgMainScreen", "CurrentPattern", 0);
23:40:41 Loading string: SetGUIElem("vdgMainScreen", "Group", MENU_MAIN);
23:40:41 Loading string: NewGUIElem("GUIButton", "btnLogo");
23:40:41 Loading string: SetGUIElem("btnLogo", "X", 85);
23:40:41 Loading string: SetGUIElem("btnLogo", "Y", 74);
23:40:41 Loading string: SetGUIElem("btnLogo", "Width", 512);
23:40:41 Loading string: SetGUIElem("btnLogo", "Height", 256);
23:40:41 Loading string: SetGUIElem("btnLogo", "Color", 255, 255, 255, 255);
23:40:41 Loading string: SetGUIElem("btnLogo", "Visible", 0);
23:40:41 Loading string: SetGUIElem("btnLogo", "Caption", "");
23:40:41 Loading string: SetGUIElem("btnLogo", "CaptionX", 30);
23:40:41 Loading string: SetGUIElem("btnLogo", "CaptionY", -20);
23:40:41 Loading string: SetGUIElem("btnLogo", "CaptionFont", "default");
23:40:41 Loading string: SetGUIElem("btnLogo", "CaptionColor", 255, 255, 255, 255);
23:40:41 Loading string: SetGUIElem("btnLogo", "SelectedCaptionColor", 0, 255, 0, 255);
23:40:41 Loading string: SetGUIElem("btnLogo", "PressedCaptionColor", 255, 0, 0, 255);
23:40:41 Loading string: SetGUIElem("btnLogo", "Group", MENU_MAIN);
23:40:41 Loading string: SetGUIElem("btnLogo", "Texture", "logo-cold");
23:40:41 Loading string: SetGUIElem("btnLogo", "Visible", 1);
23:40:41 Loading string: SetGUIElem("btnLogo", "PatternCount", 1);
23:40:41 Loading string: SetGUIElem("btnLogo", "CurrentPattern", 0);
23:40:41 Loading string: SetGUIElem("btnLogo", "Enabled", 0);
23:40:41 Loading string: SetGUIElem("btnLogo", "Border", 1);
23:40:41 Loading string: SetGUIElem("btnLogo", "BorderType", 1);
23:40:41 Loading string: int(x) = SYS_SCR_WIDTH / 2 - 150;
23:40:41 Loading string: int(y) = SYS_SCR_HEIGHT / 2 + 50;
23:40:41 Loading string: NewGUIElem("GUIButton", "btnStartGame");
23:40:41 Loading string: SetGUIElem("btnStartGame", "X", x);
23:40:41 Loading string: SetGUIElem("btnStartGame", "Y", y);
23:40:41 Loading string: SetGUIElem("btnStartGame", "Width", 80);
23:40:41 Loading string: SetGUIElem("btnStartGame", "Height", 9);
23:40:41 Loading string: SetGUIElem("btnStartGame", "Color", 255, 255, 255, 255);
23:40:41 Loading string: SetGUIElem("btnStartGame", "Visible", 1);
23:40:41 Loading string: SetGUIElem("btnStartGame", "Caption", "START GAME");
23:40:41 Loading string: SetGUIElem("btnStartGame", "CaptionX", 0);
23:40:41 Loading string: SetGUIElem("btnStartGame", "CaptionY", 0);
23:40:41 Loading string: SetGUIElem("btnStartGame", "CaptionFont", "default");
23:40:41 Loading string: SetGUIElem("btnStartGame", "CaptionColor", 181, 181, 181, 255);
23:40:41 Loading string: SetGUIElem("btnStartGame", "SelectedCaptionColor", 120, 88, 150, 255);
23:40:41 Loading string: SetGUIElem("btnStartGame", "PressedCaptionColor", 69, 46, 90, 255);
23:40:41 Loading string: SetGUIElem("btnStartGame", "Group", MENU_MAIN);
23:40:41 Loading string: SetGUIElem("btnStartGame", "AddSignal", GUI_SGN_OPEN_GROUP, MENU_CHARACTER, 0);
23:40:41 Loading string: y = y + 20;
23:40:41 Loading string: NewGUIElem("GUIButton", "btnExit");
23:40:41 Loading string: SetGUIElem("btnExit", "X", x);
23:40:41 Loading string: SetGUIElem("btnExit", "Y", y);
23:40:41 Loading string: SetGUIElem("btnExit", "Width", 30);
23:40:41 Loading string: SetGUIElem("btnExit", "Height", 9);
23:40:41 Loading string: SetGUIElem("btnExit", "Color", 255, 255, 255, 255);
23:40:41 Loading string: SetGUIElem("btnExit", "Visible", 1);
23:40:41 Loading string: SetGUIElem("btnExit", "Caption", "EXIT");
23:40:41 Loading string: SetGUIElem("btnExit", "CaptionX", 0);
23:40:41 Loading string: SetGUIElem("btnExit", "CaptionY", 0);
23:40:41 Loading string: SetGUIElem("btnExit", "CaptionFont", "default");
23:40:41 Loading string: SetGUIElem("btnExit", "CaptionColor", 181, 181, 181, 255);
23:40:41 Loading string: SetGUIElem("btnExit", "SelectedCaptionColor", 120, 88, 150, 255);
23:40:41 Loading string: SetGUIElem("btnExit", "PressedCaptionColor", 69, 46, 90, 255);
23:40:41 Loading string: SetGUIElem("btnExit", "Group", MENU_MAIN);
23:40:41 Loading string: SetGUIElem("btnExit", "AddSignal", GUI_SGN_CLOSE_PROGRAM, 0, 0);
23:40:41 Loading string: Load("scripts/choose_hero.txt");
23:40:41 Loading file: scripts/choose_hero.txt
23:40:41 Loading string: NewGUIElem("GUIVidget", "vdgCharSel");
23:40:41 Loading string: SetGUIElem("vdgCharSel", "Width", 1024);
23:40:41 Loading string: SetGUIElem("vdgCharSel", "Height", 768);
23:40:41 Loading string: SetGUIElem("vdgCharSel", "X", 0);
23:40:41 Loading string: SetGUIElem("vdgCharSel", "Y", 0);
23:40:41 Loading string: SetGUIElem("vdgCharSel", "Color", 255, 255, 255, 255);
23:40:41 Loading string: SetGUIElem("vdgCharSel", "Texture", "menu-bkg");
23:40:41 Loading string: SetGUIElem("vdgCharSel", "Visible", 0);
23:40:41 Loading string: SetGUIElem("vdgCharSel", "PatternCount", 1);
23:40:41 Loading string: SetGUIElem("vdgCharSel", "CurrentPattern", 0);
23:40:41 Loading string: SetGUIElem("vdgCharSel", "Group", MENU_CHARACTER);
23:40:41 Loading string: x = SYS_SCR_WIDTH / 2 - 80;
23:40:41 Loading string: y = SYS_SCR_HEIGHT / 2;
23:40:41 Loading string: int(x1) = SYS_SCR_WIDTH / 2 - 150;
23:40:41 Loading string: NewGUIElem("GUIButton", "btnSohchan");
23:40:41 Loading string: SetGUIElem("btnSohchan", "X", x1);
23:40:41 Loading string: SetGUIElem("btnSohchan", "Y", y);
23:40:41 Loading string: SetGUIElem("btnSohchan", "Width", 125);
23:40:41 Loading string: SetGUIElem("btnSohchan", "Height", 155);
23:40:41 Loading string: SetGUIElem("btnSohchan", "Color", 255, 255, 255, 255);
23:40:41 Loading string: SetGUIElem("btnSohchan", "Visible", 0);
23:40:41 Loading string: SetGUIElem("btnSohchan", "Caption", "SOH-chan");
23:40:41 Loading string: SetGUIElem("btnSohchan", "CaptionX", 30);
23:40:41 Loading string: SetGUIElem("btnSohchan", "CaptionY", -20);
23:40:41 Loading string: SetGUIElem("btnSohchan", "CaptionFont", "default");
23:40:41 Loading string: SetGUIElem("btnSohchan", "CaptionColor", 255, 255, 255, 255);
23:40:41 Loading string: SetGUIElem("btnSohchan", "SelectedCaptionColor", 0, 255, 0, 255);
23:40:41 Loading string: SetGUIElem("btnSohchan", "PressedCaptionColor", 255, 0, 0, 255);
23:40:41 Loading string: SetGUIElem("btnSohchan", "Group", MENU_CHARACTER);
23:40:41 Loading string: SetGUIElem("btnSohchan", "AddSignal", GUI_SGN_START_GAME, 0, 0);
23:40:41 Loading string: SetGUIElem("btnSohchan", "Texture", "sohchan_figure");
23:40:41 Loading string: SetGUIElem("btnSohchan", "PatternCount", 2);
23:40:41 Loading string: SetGUIElem("btnSohchan", "Visible", 0);
23:40:41 Loading string: SetGUIElem("btnSohchan", "PatternCount", 1);
23:40:41 Loading string: SetGUIElem("btnSohchan", "CurrentPattern", 0);
23:40:41 Loading string: SetGUIElem("btnSohchan", "Border", 1);
23:40:41 Loading string: SetGUIElem("btnSohchan", "BorderType", 1);
23:40:41 Loading string: x1 = x1 + 200;
23:40:41 Loading string: NewGUIElem("GUIButton", "btnUnylTan");
23:40:41 Loading string: SetGUIElem("btnUnylTan", "X", x1);
23:40:41 Loading string: SetGUIElem("btnUnylTan", "Y", y);
23:40:41 Loading string: SetGUIElem("btnUnylTan", "Width", 125);
23:40:41 Loading string: SetGUIElem("btnUnylTan", "Height", 155);
23:40:41 Loading string: SetGUIElem("btnUnylTan", "Color", 255, 255, 255, 255);
23:40:41 Loading string: SetGUIElem("btnUnylTan", "Visible", 0);
23:40:41 Loading string: SetGUIElem("btnUnylTan", "Caption", "Unyl-chan");
23:40:41 Loading string: SetGUIElem("btnUnylTan", "CaptionX", 30);
23:40:41 Loading string: SetGUIElem("btnUnylTan", "CaptionY", -20);
23:40:41 Loading string: SetGUIElem("btnUnylTan", "CaptionFont", "default");
23:40:41 Loading string: SetGUIElem("btnUnylTan", "CaptionColor", 255, 255, 255, 255);
23:40:41 Loading string: SetGUIElem("btnUnylTan", "SelectedCaptionColor", 0, 255, 0, 255);
23:40:41 Loading string: SetGUIElem("btnUnylTan", "PressedCaptionColor", 255, 0, 0, 255);
23:40:41 Loading string: SetGUIElem("btnUnylTan", "Group", MENU_CHARACTER);
23:40:41 Loading string: SetGUIElem("btnUnylTan", "AddSignal", GUI_SGN_START_GAME, 0, 0);
23:40:41 Loading string: SetGUIElem("btnUnylTan", "Texture", "unyl_tan_figure");
23:40:41 Loading string: SetGUIElem("btnUnylTan", "Visible", 0);
23:40:41 Loading string: SetGUIElem("btnUnylTan", "PatternCount", 1);
23:40:41 Loading string: SetGUIElem("btnUnylTan", "CurrentPattern", 0);
23:40:41 Loading string: SetGUIElem("btnUnylTan", "Enabled", 0);
23:40:41 Loading string: SetGUIElem("btnUnylTan", "Border", 1);
23:40:41 Loading string: SetGUIElem("btnUnylTan", "BorderType", 1);
23:40:41 Loading string: int(x2) = SYS_SCR_WIDTH / 2 + 45;
23:40:41 Loading string: NewGUIElem("GUIButton", "lbl2");
23:40:41 Loading string: SetGUIElem("lbl2", "X", x2);
23:40:41 Loading string: SetGUIElem("lbl2", "Y", 401);
23:40:41 Loading string: SetGUIElem("lbl2", "Width", 80);
23:40:41 Loading string: SetGUIElem("lbl2", "Height", 9);
23:40:41 Loading string: SetGUIElem("lbl2", "Visible", 0);
23:40:41 Loading string: SetGUIElem("lbl2", "Caption", "(not enabled yet)");
23:40:41 Loading string: SetGUIElem("lbl2", "CaptionX", 0);
23:40:42 Loading string: SetGUIElem("lbl2", "CaptionY", 0);
23:40:42 Loading string: SetGUIElem("lbl2", "CaptionFont", "default");
23:40:42 Loading string: SetGUIElem("lbl2", "CaptionColor", 255, 0, 0, 255);
23:40:42 Loading string: SetGUIElem("lbl2", "SelectedCaptionColor", 0, 255, 0, 255);
23:40:42 Loading string: SetGUIElem("lbl2", "PressedCaptionColor", 255, 0, 0, 255);
23:40:42 Loading string: SetGUIElem("lbl2", "Group", MENU_CHARACTER);
23:40:42 Loading string: SetGUIElem("lbl2", "Enabled", 0);
23:40:42 Loading string: Load("scripts/menu_game.txt");
23:40:42 Loading file: scripts/menu_game.txt
23:40:42 Loading string: NewGUIElem("GUIButton", "btnLogoIngame");
23:40:42 Loading string: SetGUIElem("btnLogoIngame", "X", 85);
23:40:42 Loading string: SetGUIElem("btnLogoIngame", "Y", 74);
23:40:42 Loading string: SetGUIElem("btnLogoIngame", "Width", 512);
23:40:42 Loading string: SetGUIElem("btnLogoIngame", "Height", 256);
23:40:42 Loading string: SetGUIElem("btnLogoIngame", "Color", 255, 255, 255, 255);
23:40:42 Loading string: SetGUIElem("btnLogoIngame", "Visible", 0);
23:40:42 Loading string: SetGUIElem("btnLogoIngame", "Caption", "");
23:40:42 Loading string: SetGUIElem("btnLogoIngame", "CaptionX", 30);
23:40:42 Loading string: SetGUIElem("btnLogoIngame", "CaptionY", -20);
23:40:42 Loading string: SetGUIElem("btnLogoIngame", "CaptionFont", "default");
23:40:42 Loading string: SetGUIElem("btnLogoIngame", "CaptionColor", 255, 255, 255, 255);
23:40:42 Loading string: SetGUIElem("btnLogoIngame", "SelectedCaptionColor", 0, 255, 0, 255);
23:40:42 Loading string: SetGUIElem("btnLogoIngame", "PressedCaptionColor", 255, 0, 0, 255);
23:40:42 Loading string: SetGUIElem("btnLogoIngame", "Group", MENU_GAME);
23:40:42 Loading string: SetGUIElem("btnLogoIngame", "Texture", "logo-cold");
23:40:42 Loading string: SetGUIElem("btnLogoIngame", "Visible", 1);
23:40:42 Loading string: x = SYS_SCR_WIDTH / 2 - 50;
23:40:42 Loading string: y = SYS_SCR_HEIGHT / 2 + 20;
23:40:42 Loading string: NewGUIElem("GUIButton", "btnContinue");
23:40:42 Loading string: SetGUIElem("btnContinue", "X", x);
23:40:42 Loading string: SetGUIElem("btnContinue", "Y", y);
23:40:42 Loading string: SetGUIElem("btnContinue", "Width", 105);
23:40:42 Loading string: SetGUIElem("btnContinue", "Height", 9);
23:40:42 Loading string: SetGUIElem("btnContinue", "Color", 255, 255, 255, 255);
23:40:42 Loading string: SetGUIElem("btnContinue", "Visible", 0);
23:40:42 Loading string: SetGUIElem("btnContinue", "Caption", "CONTINUE GAME");
23:40:42 Loading string: SetGUIElem("btnContinue", "CaptionX", 0);
23:40:42 Loading string: SetGUIElem("btnContinue", "CaptionY", 0);
23:40:42 Loading string: SetGUIElem("btnContinue", "CaptionFont", "default");
23:40:42 Loading string: SetGUIElem("btnContinue", "CaptionColor", 255, 255, 255, 255);
23:40:42 Loading string: SetGUIElem("btnContinue", "SelectedCaptionColor", 120, 88, 150, 255);
23:40:42 Loading string: SetGUIElem("btnContinue", "PressedCaptionColor", 69, 46, 90, 255);
23:40:42 Loading string: SetGUIElem("btnContinue", "Group", MENU_GAME);
23:40:42 Loading string: SetGUIElem("btnContinue", "AddSignal", GUI_SGN_CONTINUE_GAME, MENU_CHARACTER, 0);
23:40:42 Loading string: y = y + 20;
23:40:42 Loading string: NewGUIElem("GUIButton", "btnReturn");
23:40:42 Loading string: SetGUIElem("btnReturn", "X", x);
23:40:42 Loading string: SetGUIElem("btnReturn", "Y", y);
23:40:42 Loading string: SetGUIElem("btnReturn", "Width", 155);
23:40:42 Loading string: SetGUIElem("btnReturn", "Height", 9);
23:40:42 Loading string: SetGUIElem("btnReturn", "Color", 255, 255, 255, 255);
23:40:42 Loading string: SetGUIElem("btnReturn", "Visible", 0);
23:40:42 Loading string: SetGUIElem("btnReturn", "Caption", "RETURN TO MAIN MENU");
23:40:42 Loading string: SetGUIElem("btnReturn", "CaptionX", 0);
23:40:42 Loading string: SetGUIElem("btnReturn", "CaptionY", 0);
23:40:42 Loading string: SetGUIElem("btnReturn", "CaptionFont", "default");
23:40:42 Loading string: SetGUIElem("btnReturn", "CaptionColor", 255, 255, 255, 255);
23:40:42 Loading string: SetGUIElem("btnReturn", "SelectedCaptionColor", 120, 88, 150, 255);
23:40:42 Loading string: SetGUIElem("btnReturn", "PressedCaptionColor", 69, 46, 90, 255);
23:40:42 Loading string: SetGUIElem("btnReturn", "Group", MENU_GAME);
23:40:42 Loading string: SetGUIElem("btnReturn", "AddSignal", GUI_SGN_EXIT_GAME, 0, 0);
23:40:42 Loading string: SetGUIElem("btnReturn", "AddSignal", GUI_SGN_OPEN_GROUP, MENU_MAIN, 0);
23:40:42 Loading string: Load("scripts/menu_2bc.txt");
23:40:42 Loading file: scripts/menu_2bc.txt
23:40:42 Loading string: NewGUIElem("GUIVidget", "vdgMainScreen2");
23:40:42 Loading string: SetGUIElem("vdgMainScreen2", "Width", 1024);
23:40:42 Loading string: SetGUIElem("vdgMainScreen2", "Height", 512);
23:40:42 Loading string: SetGUIElem("vdgMainScreen2", "X", 0);
23:40:42 Loading string: SetGUIElem("vdgMainScreen2", "Y", 0);
23:40:42 Loading string: SetGUIElem("vdgMainScreen2", "Color", 255, 255, 255, 255);
23:40:42 Loading string: SetGUIElem("vdgMainScreen2", "Texture", "win_screen");
23:40:42 Loading string: SetGUIElem("vdgMainScreen2", "Visible", 0);
23:40:42 Loading string: SetGUIElem("vdgMainScreen2", "PatternCount", 1);
23:40:42 Loading string: SetGUIElem("vdgMainScreen2", "CurrentPattern", 0);
23:40:42 Loading string: SetGUIElem("vdgMainScreen2", "Group", MENU_2BCONTINUED);
23:40:42 Loading string: NewGUIElem("GUIButton", "btnRet");
23:40:42 Loading string: SetGUIElem("btnRet", "X", 280);
23:40:42 Loading string: SetGUIElem("btnRet", "Y", 300);
23:40:42 Loading string: SetGUIElem("btnRet", "Width", 55);
23:40:42 Loading string: SetGUIElem("btnRet", "Height", 9);
23:40:42 Loading string: SetGUIElem("btnRet", "Color", 255, 255, 255, 255);
23:40:42 Loading string: SetGUIElem("btnRet", "Visible", 0);
23:40:42 Loading string: SetGUIElem("btnRet", "Caption", "TO MENU");
23:40:42 Loading string: SetGUIElem("btnRet", "CaptionX", 0);
23:40:42 Loading string: SetGUIElem("btnRet", "CaptionY", 0);
23:40:42 Loading string: SetGUIElem("btnRet", "CaptionFont", "default");
23:40:42 Loading string: SetGUIElem("btnRet", "CaptionColor", 181, 181, 181, 255);
23:40:42 Loading string: SetGUIElem("btnRet", "SelectedCaptionColor", 120, 88, 150, 255);
23:40:42 Loading string: SetGUIElem("btnRet", "PressedCaptionColor", 69, 46, 90, 255);
23:40:42 Loading string: SetGUIElem("btnRet", "Group", MENU_2BCONTINUED);
23:40:42 Loading string: SetGUIElem("btnRet", "AddSignal", GUI_SGN_OPEN_GROUP, MENU_MAIN, 0);
23:40:42 Loading string: Load("scripts/menu_gameover.txt");
23:40:42 Loading file: scripts/menu_gameover.txt
23:40:42 Loading string: NewGUIElem("GUIVidget", "vdgMainScreen3");
23:40:42 Loading string: SetGUIElem("vdgMainScreen3", "Width", 1024);
23:40:42 Loading string: SetGUIElem("vdgMainScreen3", "Height", 512);
23:40:42 Loading string: SetGUIElem("vdgMainScreen3", "X", 0);
23:40:42 Loading string: SetGUIElem("vdgMainScreen3", "Y", 0);
23:40:42 Loading string: SetGUIElem("vdgMainScreen3", "Color", 255, 255, 255, 255);
23:40:42 Loading string: SetGUIElem("vdgMainScreen3", "Texture", "fail_screen");
23:40:42 Loading string: SetGUIElem("vdgMainScreen3", "Visible", 0);
23:40:42 Loading string: SetGUIElem("vdgMainScreen3", "PatternCount", 1);
23:40:42 Loading string: SetGUIElem("vdgMainScreen3", "CurrentPattern", 0);
23:40:42 Loading string: SetGUIElem("vdgMainScreen3", "Group", MENU_FAILURE);
23:40:42 Loading string: NewGUIElem("GUIButton", "btnRet2");
23:40:42 Loading string: SetGUIElem("btnRet2", "X", 280);
23:40:42 Loading string: SetGUIElem("btnRet2", "Y", 300);
23:40:42 Loading string: SetGUIElem("btnRet2", "Width", 80);
23:40:42 Loading string: SetGUIElem("btnRet2", "Height", 9);
23:40:42 Loading string: SetGUIElem("btnRet2", "Color", 255, 255, 255, 255);
23:40:42 Loading string: SetGUIElem("btnRet2", "Visible", 0);
23:40:42 Loading string: SetGUIElem("btnRet2", "Caption", "THANKS, CAP!");
23:40:42 Loading string: SetGUIElem("btnRet2", "CaptionX", 0);
23:40:42 Loading string: SetGUIElem("btnRet2", "CaptionY", 0);
23:40:42 Loading string: SetGUIElem("btnRet2", "CaptionFont", "default");
23:40:42 Loading string: SetGUIElem("btnRet2", "CaptionColor", 181, 181, 181, 255);
23:40:42 Loading string: SetGUIElem("btnRet2", "SelectedCaptionColor", 120, 88, 150, 255);
23:40:42 Loading string: SetGUIElem("btnRet2", "PressedCaptionColor", 69, 46, 90, 255);
23:40:42 Loading string: SetGUIElem("btnRet2", "Group", MENU_FAILURE);
23:40:42 Loading string: SetGUIElem("btnRet2", "AddSignal", GUI_SGN_OPEN_GROUP, MENU_MAIN, 0);
23:40:44 ----------------
23:40:44 Creating game...
23:40:44 Initting game...
23:40:44 Loading file: scripts/start.txt
23:40:44 Loading string: FreeAllVar();
23:40:44 Loading string: LoadLevel("levels/xmas_level.bin");
23:40:44 Loading string: SetWorldMaxX(1570);
23:40:44 Loading string: SetWorldMinX(0);
23:40:44 Loading string: string(btard)="btard";
23:40:44 Loading string: string(slowpoke)="slowpoke";
23:40:44 Loading string: string(score)="pwr_score";
23:40:44 Loading string: string(health)="pwr_health";
23:40:44 Loading string: string(ammo)="pwr_ammo";
23:40:44 Loading string: int(btard_health)=50;
23:40:44 Loading string: StartWeather("snow", 6000);
23:40:44 Starting weather: "snow"
23:40:44 Starting weather: snow (power: 6000)
23:40:44 Creating particles...
23:40:44 Loading string: CreateEvent(EVENT_CONDITION_TIME_ELAPSED, 1, 1, EVENT_ACTION_START_DIALOG, 2, 's_dialog_1');
23:40:44 Added event 1
23:40:44 Loading string: CreateEvent(EVENT_CONDITION_TIME_ELAPSED, 1, 0, EVENT_ACTION_SET_AI, 1, "");
23:40:44 Added event 2
23:40:44 Loading string: CreateEvent(EVENT_CONDITION_TIME_ELAPSED, 3, 0, EVENT_ACTION_MUSIC_PLAY, 1, 'iie_lab');
23:40:44 Added event 3
23:40:44 Loading string: CreateEvent(EVENT_CONDITION_HERO_X_GR, 970, 0, EVENT_ACTION_START_QUAKE, 10, "");
23:40:44 Added event 4
23:40:44 Loading string: CreateEvent(EVENT_CONDITION_HERO_X_GR, 970, 0, EVENT_ACTION_SOUND_PLAY, 0, 'explosion');
23:40:44 Added event 5
23:40:44 Loading string: CreateEvent(EVENT_CONDITION_HERO_X_GR, 970, 1, EVENT_ACTION_EXEC_OSL_STRING, 0, "CreateEvent(EVENT_CONDITION_PERIOD, 1, 1,  EVENT_ACTION_STOP_QUAKE, 0, '');");
23:40:44 Added event 6
23:40:44 Loading string: CreateEvent(EVENT_CONDITION_HERO_X_GR, 970, 1, EVENT_ACTION_EXEC_OSL_STRING, 0, "CreateEvent(EVENT_CONDITION_PERIOD, 1, 1,  EVENT_ACTION_MUSIC_PLAY, 1, 'iie_boss');");
23:40:44 Added event 7
23:40:44 Loading string: CreateEvent(EVENT_CONDITION_HERO_X_GR, 970, 1, EVENT_ACTION_EXEC_OSL_STRING, 0, "CreateEvent(EVENT_CONDITION_PERIOD, 1, 1,  EVENT_ACTION_HERO_SAY, 0, 'What was THAT?!');");
23:40:44 Added event 8
23:40:44 Loading string: CreateEvent(EVENT_CONDITION_HERO_X_GR, 970, 1,  EVENT_ACTION_EXEC_OSL_STRING, 0,  "CreateEvent(EVENT_CONDITION_PERIOD, 1, 1,  EVENT_ACTION_EXEC_OSL_STRING, 1, 'CreateEnemy(btard, 1533, 330, btard_health);');");
23:40:44 Added event 9
23:40:44 Loading string: CreateEvent(EVENT_CONDITION_HERO_X_GR, 970, 1,  EVENT_ACTION_EXEC_OSL_STRING, 0,  "CreateEvent(EVENT_CONDITION_PERIOD, 1, 1,  EVENT_ACTION_EXEC_OSL_STRING, 1, 'CreateEnemy(btard, 438, 330, btard_health);');");
23:40:44 Added event 10
23:40:44 Loading string: CreateEvent(EVENT_CONDITION_HERO_X_GR, 970, 1,  EVENT_ACTION_EXEC_OSL_STRING, 0,  "CreateEvent(EVENT_CONDITION_PERIOD, 1, 1,  EVENT_ACTION_EXEC_OSL_STRING, 1, 'CreateEnemy(slowpoke, 1580, 330, 100);');");
23:40:44 Added event 11
23:40:44 Loading string: CreateEvent(EVENT_CONDITION_HERO_X_GR, 970, 1,  EVENT_ACTION_EXEC_OSL_STRING, 0,  "CreateEvent(EVENT_CONDITION_PERIOD, 1, 1,  EVENT_ACTION_EXEC_OSL_STRING, 1, 'CreateEnemy(slowpoke, 1620, 330, 100);');");
23:40:44 Added event 12
23:40:44 Loading string: CreateEvent(EVENT_CONDITION_HERO_X_GR, 970, 1,  EVENT_ACTION_EXEC_OSL_STRING, 0,  "CreateEvent(EVENT_CONDITION_PERIOD, 1, 1,  EVENT_ACTION_EXEC_OSL_STRING, 1, 'CreateEnemy(slowpoke, 408, 330, 100);');");
23:40:44 Added event 13
23:40:44 Loading string: CreateEvent(EVENT_CONDITION_HERO_X_GR, 970, 1,  EVENT_ACTION_EXEC_OSL_STRING, 0,  "CreateEvent(EVENT_CONDITION_PERIOD, 1, 1,  EVENT_ACTION_EXEC_OSL_STRING, 1, 'CreateEnemy(slowpoke, 458, 330, 100);');");
23:40:44 Added event 14
23:40:44 Loading string: string(spawn1_1)="CreateEvent(EVENT_CONDITION_PERIOD, 6, 0, EVENT_ACTION_EXEC_OSL_STRING, 0, 'CreateEnemy(btard, 1583, 330, btard_health);');";
23:40:44 Loading string: string(spawn1_2)="CreateEvent(EVENT_CONDITION_PERIOD, 10, 0, EVENT_ACTION_EXEC_OSL_STRING, 0, 'CreateEnemy(btard, -114, 330, btard_health);');";
23:40:44 Loading string: string(spawn1_3)="CreateEvent(EVENT_CONDITION_PERIOD, 6, 0, EVENT_ACTION_EXEC_OSL_STRING, 0, 'CreateEnemy(slowpoke, -90, 330, btard_health);');";
23:40:44 Loading string: string(spawn1_4)="CreateEvent(EVENT_CONDITION_PERIOD, 13, 0, EVENT_ACTION_EXEC_OSL_STRING, 0, 'CreateEnemy(slowpoke, -114, 330, 100);');";
23:40:44 Loading string: string(spawn1_5)="CreateEvent(EVENT_CONDITION_PERIOD, 10, 0, EVENT_ACTION_EXEC_OSL_STRING, 0, 'CreateEnemy(slowpoke, 1583, 330, 100);');";
23:40:44 Loading string: string(spawn1_6)="CreateEvent(EVENT_CONDITION_PERIOD, 15, 0, EVENT_ACTION_EXEC_OSL_STRING, 0, 'CreateEnemy(slowpoke, 1583, 330, 100);');";
23:40:44 Loading string: CreateEvent(EVENT_CONDITION_HERO_X_GR, 970, 1, EVENT_ACTION_EXEC_OSL_STRING, 0, "CreateEvent(EVENT_CONDITION_PERIOD, 5, 1, EVENT_ACTION_EXEC_OSL_STRING, 1, spawn1_1);");
23:40:44 Added event 15
23:40:44 Loading string: CreateEvent(EVENT_CONDITION_HERO_X_GR, 970, 1, EVENT_ACTION_EXEC_OSL_STRING, 0, "CreateEvent(EVENT_CONDITION_PERIOD, 2, 1, EVENT_ACTION_EXEC_OSL_STRING, 1, spawn1_2);");
23:40:44 Added event 16
23:40:44 Loading string: CreateEvent(EVENT_CONDITION_HERO_X_GR, 970, 1, EVENT_ACTION_EXEC_OSL_STRING, 0, "CreateEvent(EVENT_CONDITION_PERIOD, 5, 1, EVENT_ACTION_EXEC_OSL_STRING, 1, spawn1_3);");
23:40:44 Added event 17
23:40:44 Loading string: CreateEvent(EVENT_CONDITION_HERO_X_GR, 970, 1, EVENT_ACTION_EXEC_OSL_STRING, 0, "CreateEvent(EVENT_CONDITION_PERIOD, 5, 1, EVENT_ACTION_EXEC_OSL_STRING, 1, spawn1_4);");
23:40:44 Added event 18
23:40:44 Loading string: CreateEvent(EVENT_CONDITION_HERO_X_GR, 970, 1, EVENT_ACTION_EXEC_OSL_STRING, 0, "CreateEvent(EVENT_CONDITION_PERIOD, 2, 1, EVENT_ACTION_EXEC_OSL_STRING, 1, spawn1_5);");
23:40:44 Added event 19
23:40:44 Loading string: CreateEvent(EVENT_CONDITION_HERO_X_GR, 970, 1, EVENT_ACTION_EXEC_OSL_STRING, 0, "CreateEvent(EVENT_CONDITION_PERIOD, 2, 1, EVENT_ACTION_EXEC_OSL_STRING, 1, spawn1_6);");
23:40:44 Added event 20
23:40:44 Loading string: string(spawnp_1)="CreateEvent(EVENT_CONDITION_PERIOD, 5, 0, EVENT_ACTION_EXEC_OSL_STRING, 0, 'CreatePowerup(score,100, 1022, 396);');";
23:40:44 Loading string: string(spawnp_2)="CreateEvent(EVENT_CONDITION_PERIOD, 13, 0, EVENT_ACTION_EXEC_OSL_STRING, 0, 'CreatePowerup(ammo, 10,  1077, 397);');";
23:40:44 Loading string: string(spawnp_3)="CreateEvent(EVENT_CONDITION_PERIOD, 25, 0, EVENT_ACTION_EXEC_OSL_STRING, 0, 'CreatePowerup(health, 5, 1077, 397);');";
23:40:44 Loading string: string(spawns_1)="CreateEvent(EVENT_CONDITION_PERIOD, 5, 0, EVENT_ACTION_SOUND_PLAY, 0, 'item_appear');";
23:40:44 Loading string: string(spawns_2)="CreateEvent(EVENT_CONDITION_PERIOD, 13, 0, EVENT_ACTION_SOUND_PLAY, 0, 'item_appear');";
23:40:44 Loading string: string(spawns_3)="CreateEvent(EVENT_CONDITION_PERIOD, 25, 0, EVENT_ACTION_SOUND_PLAY, 0, 'health_appear');";
23:40:44 Loading string: CreateEvent(EVENT_CONDITION_HERO_X_GR, 970, 1, EVENT_ACTION_EXEC_OSL_STRING, 1, "CreateEvent(EVENT_CONDITION_PERIOD, 8, 1, EVENT_ACTION_EXEC_OSL_STRING, 1, spawnp_1);");
23:40:44 Added event 21
23:40:44 Loading string: CreateEvent(EVENT_CONDITION_HERO_X_GR, 970, 1, EVENT_ACTION_EXEC_OSL_STRING, 1, "CreateEvent(EVENT_CONDITION_PERIOD, 8, 1, EVENT_ACTION_EXEC_OSL_STRING, 1, spawnp_2);");
23:40:44 Added event 22
23:40:44 Loading string: CreateEvent(EVENT_CONDITION_HERO_X_GR, 970, 1, EVENT_ACTION_EXEC_OSL_STRING, 1, "CreateEvent(EVENT_CONDITION_PERIOD, 8, 1, EVENT_ACTION_EXEC_OSL_STRING, 1, spawnp_3);");
23:40:44 Added event 23
23:40:44 Loading string: CreateEvent(EVENT_CONDITION_HERO_X_GR, 970, 1, EVENT_ACTION_EXEC_OSL_STRING, 1, "CreateEvent(EVENT_CONDITION_PERIOD, 8, 1, EVENT_ACTION_EXEC_OSL_STRING, 1, spawns_1);");
23:40:44 Added event 24
23:40:44 Loading string: CreateEvent(EVENT_CONDITION_HERO_X_GR, 970, 1, EVENT_ACTION_EXEC_OSL_STRING, 1, "CreateEvent(EVENT_CONDITION_PERIOD, 8, 1, EVENT_ACTION_EXEC_OSL_STRING, 1, spawns_2);");
23:40:44 Added event 25
23:40:44 Loading string: CreateEvent(EVENT_CONDITION_HERO_X_GR, 970, 1, EVENT_ACTION_EXEC_OSL_STRING, 1, "CreateEvent(EVENT_CONDITION_PERIOD, 8, 1, EVENT_ACTION_EXEC_OSL_STRING, 1, spawns_3);");
23:40:44 Added event 26
23:40:44 Loading string: string(saystr)="CreateEvent(EVENT_CONDITION_PERIOD, 1, 1, EVENT_ACTION_HERO_SAY, 2, 'Where do they keep coming from?!');";
23:40:44 Loading string: string(spawn2_1)="CreateEvent(EVENT_CONDITION_PERIOD, 5, 0, EVENT_ACTION_EXEC_OSL_STRING, 0, 'CreateEnemy(btard, -114, 330, btard_health);');";
23:40:44 Loading string: string(spawn2_2)="CreateEvent(EVENT_CONDITION_PERIOD, 8, 0, EVENT_ACTION_EXEC_OSL_STRING, 0, 'CreateEnemy(btard, 1583, 330, btard_health);');";
23:40:44 Loading string: string(spawn2_3)="CreateEvent(EVENT_CONDITION_PERIOD, 6, 0, EVENT_ACTION_EXEC_OSL_STRING, 0, 'CreateEnemy(slowpoke, -114, 330, 100);');";
23:40:44 Loading string: CreateEvent(EVENT_CONDITION_HERO_X_GR, 970, 1, EVENT_ACTION_EXEC_OSL_STRING, 1, "CreateEvent(EVENT_CONDITION_PERIOD, 63, 1, EVENT_ACTION_EXEC_OSL_STRING, 1, saystr);");
23:40:44 Added event 27
23:40:44 Loading string: CreateEvent(EVENT_CONDITION_HERO_X_GR, 955, 1, EVENT_ACTION_EXEC_OSL_STRING, 1, "CreateEvent(EVENT_CONDITION_PERIOD, 63, 1, EVENT_ACTION_EXEC_OSL_STRING, 1, spawn2_1);");
23:40:44 Added event 28
23:40:44 Loading string: CreateEvent(EVENT_CONDITION_HERO_X_GR, 955, 1, EVENT_ACTION_EXEC_OSL_STRING, 1, "CreateEvent(EVENT_CONDITION_PERIOD, 63, 1, EVENT_ACTION_EXEC_OSL_STRING, 1, spawn2_2);");
23:40:44 Added event 29
23:40:44 Loading string: CreateEvent(EVENT_CONDITION_HERO_X_GR, 955, 1, EVENT_ACTION_EXEC_OSL_STRING, 1, "CreateEvent(EVENT_CONDITION_PERIOD, 63, 1, EVENT_ACTION_EXEC_OSL_STRING, 1, spawn2_3);");
23:40:44 Added event 30
23:40:44 Loading string: CreateEvent(EVENT_CONDITION_HERO_X_GR, 970, 1, EVENT_ACTION_EXEC_OSL_STRING, 1, "CreateEvent(EVENT_CONDITION_PERIOD, 105, 1, EVENT_ACTION_START_QUAKE, 10, '');");
23:40:44 Added event 31
23:40:44 Loading string: CreateEvent(EVENT_CONDITION_HERO_X_GR, 970, 1, EVENT_ACTION_EXEC_OSL_STRING, 1, "CreateEvent(EVENT_CONDITION_PERIOD, 105, 1, EVENT_ACTION_SOUND_PLAY, 10, 'explosion');");
23:40:44 Added event 32
23:40:44 Loading string: CreateEvent(EVENT_CONDITION_HERO_X_GR, 970, 1, EVENT_ACTION_EXEC_OSL_STRING, 1, "CreateEvent(EVENT_CONDITION_PERIOD, 107, 1, EVENT_ACTION_STOP_QUAKE, 10, '');");
23:40:44 Added event 33
23:40:44 Loading string: CreateEvent(EVENT_CONDITION_HERO_X_GR, 970, 1, EVENT_ACTION_EXEC_OSL_STRING, 1, "CreateEvent(EVENT_CONDITION_PERIOD, 107, 1, EVENT_ACTION_HERO_SAY, 2, 'OH SHI~...!');");
23:40:44 Added event 34
23:40:44 Loading string: string(spawn3_1)="CreateEvent(EVENT_CONDITION_PERIOD, 1, 0, EVENT_ACTION_EXEC_OSL_STRING, 0, 'CreateEnemy(btard, 1583, 330, btard_health);');";
23:40:44 Loading string: string(spawn3_2)="CreateEvent(EVENT_CONDITION_PERIOD, 2, 0, EVENT_ACTION_EXEC_OSL_STRING, 0, 'CreateEnemy(btard, -114, 330, btard_health);');";
23:40:44 Loading string: string(spawn3_3)="CreateEvent(EVENT_CONDITION_PERIOD, 2, 0, EVENT_ACTION_EXEC_OSL_STRING, 0, 'CreateEnemy(slowpoke, -90, 330, 100);');";
23:40:44 Loading string: string(spawn3_4)="CreateEvent(EVENT_CONDITION_PERIOD, 2, 0, EVENT_ACTION_EXEC_OSL_STRING, 0, 'CreateEnemy(slowpoke, -114, 330, 100);');";
23:40:44 Loading string: string(spawn3_5)="CreateEvent(EVENT_CONDITION_PERIOD, 1, 0, EVENT_ACTION_EXEC_OSL_STRING, 0, 'CreateEnemy(slowpoke, 1583, 330, 100);');";
23:40:44 Loading string: string(spawn3_6)="CreateEvent(EVENT_CONDITION_PERIOD, 2, 0, EVENT_ACTION_EXEC_OSL_STRING, 0, 'CreateEnemy(slowpoke, 1583, 330, 100);');";
23:40:44 Loading string: CreateEvent(EVENT_CONDITION_HERO_X_GR, 963, 1, EVENT_ACTION_EXEC_OSL_STRING, 0, "CreateEvent(EVENT_CONDITION_PERIOD, 105, 1, EVENT_ACTION_EXEC_OSL_STRING, 1, spawn1_1);");
23:40:44 Added event 35
23:40:44 Loading string: CreateEvent(EVENT_CONDITION_HERO_X_GR, 963, 1, EVENT_ACTION_EXEC_OSL_STRING, 0, "CreateEvent(EVENT_CONDITION_PERIOD, 105, 1, EVENT_ACTION_EXEC_OSL_STRING, 1, spawn1_2);");
23:40:44 Added event 36
23:40:44 Loading string: CreateEvent(EVENT_CONDITION_HERO_X_GR, 963, 1, EVENT_ACTION_EXEC_OSL_STRING, 0, "CreateEvent(EVENT_CONDITION_PERIOD, 105, 1, EVENT_ACTION_EXEC_OSL_STRING, 1, spawn1_3);");
23:40:44 Added event 37
23:40:44 Loading string: CreateEvent(EVENT_CONDITION_HERO_X_GR, 963, 1, EVENT_ACTION_EXEC_OSL_STRING, 0, "CreateEvent(EVENT_CONDITION_PERIOD, 105, 1, EVENT_ACTION_EXEC_OSL_STRING, 1, spawn1_4);");
23:40:44 Added event 38
23:40:44 Loading string: CreateEvent(EVENT_CONDITION_HERO_X_GR, 963, 1, EVENT_ACTION_EXEC_OSL_STRING, 0, "CreateEvent(EVENT_CONDITION_PERIOD, 105, 1, EVENT_ACTION_EXEC_OSL_STRING, 1, spawn1_5);");
23:40:44 Added event 39
23:40:44 Loading string: CreateEvent(EVENT_CONDITION_HERO_X_GR, 963, 1, EVENT_ACTION_EXEC_OSL_STRING, 0, "CreateEvent(EVENT_CONDITION_PERIOD, 105, 1, EVENT_ACTION_EXEC_OSL_STRING, 1, spawn1_6);");
23:40:44 Added event 40
23:40:44 Loading string: CreateEvent(EVENT_CONDITION_HERO_X_GR, 970, 1, EVENT_ACTION_EXEC_OSL_STRING, 1, "CreateEvent(EVENT_CONDITION_PERIOD, 123, 1, EVENT_ACTION_SET_AI, 0, '');");
23:40:44 Added event 41
23:40:44 Loading string: CreateEvent(EVENT_CONDITION_HERO_X_GR, 970, 1, EVENT_ACTION_EXEC_OSL_STRING, 1, "CreateEvent(EVENT_CONDITION_PERIOD, 123, 1, EVENT_ACTION_DISABLE_KEYBOARD, 1, '');");
23:40:44 Added event 42
23:40:44 Loading string: CreateEvent(EVENT_CONDITION_HERO_X_GR, 970, 1, EVENT_ACTION_EXEC_OSL_STRING, 1, "CreateEvent(EVENT_CONDITION_PERIOD, 123, 1, EVENT_ACTION_START_DIALOG, 2, 's_dialog_2');");
23:40:44 Added event 43
23:40:44 Loading string: CreateEvent(EVENT_CONDITION_HERO_X_GR, 970, 1, EVENT_ACTION_EXEC_OSL_STRING, 1, "CreateEvent(EVENT_CONDITION_PERIOD, 127, 1, EVENT_ACTION_EXEC_OSL_STRING, 2, 'ShowMenu(MENU_2BCONTINUED);');");
23:40:44 Added event 44
23:40:44 Loading string: CreateEvent(EVENT_CONDITION_HERO_X_GR, 970, 1, EVENT_ACTION_EXEC_OSL_STRING, 1, "CreateEvent(EVENT_CONDITION_PERIOD, 127, 1, EVENT_ACTION_EXEC_OSL_STRING, 2, 'TerminateGame();');");
23:40:44 Added event 45
23:40:48 Destroying game...
23:40:48 Stopping weather...
23:40:49 Finished logging
