14:50:45 DEBUG: Beginning parsing gui definition element: MainMenu
14:50:45 DEBUG: Finished parsing gui definition element: MainMenu
14:50:45 DEBUG: Beginning parsing gui definition element: Start
14:50:45 DEBUG: Finished parsing gui definition element: Start
14:50:45 DEBUG: Beginning parsing gui definition element: Load
14:50:45 DEBUG: Finished parsing gui definition element: Load
14:50:45 DEBUG: Beginning parsing gui definition element: Options
14:50:45 DEBUG: Finished parsing gui definition element: Options
14:50:45 DEBUG: Beginning parsing gui definition element: Credits
14:50:45 DEBUG: Finished parsing gui definition element: Credits
14:50:45 DEBUG: Beginning parsing gui definition element: Exit
14:50:45 DEBUG: Finished parsing gui definition element: Exit
14:50:45 DEBUG: Beginning parsing gui definition element: DifficultyMenu
14:50:45 DEBUG: Finished parsing gui definition element: DifficultyMenu
14:50:45 DEBUG: Beginning parsing gui definition element: Easy
14:50:45 DEBUG: Finished parsing gui definition element: Easy
14:50:45 DEBUG: Beginning parsing gui definition element: Medium
14:50:45 DEBUG: Finished parsing gui definition element: Medium
14:50:45 DEBUG: Beginning parsing gui definition element: Back
14:50:45 DEBUG: Finished parsing gui definition element: Back
14:50:45 DEBUG: Beginning parsing gui definition element: RaceMenu
14:50:45 DEBUG: Finished parsing gui definition element: RaceMenu
14:50:45 DEBUG: Beginning parsing gui definition element: Back2
14:50:45 DEBUG: Finished parsing gui definition element: Back2
14:50:45 DEBUG: Beginning parsing gui definition element: Alkari
14:50:45 DEBUG: Finished parsing gui definition element: Alkari
14:50:45 DEBUG: Beginning parsing gui definition element: Bulrathi
14:50:45 DEBUG: Finished parsing gui definition element: Bulrathi
