[Sun Jul 05 23:55:29 2009] [INFO] Log file "\iichantra.log" created
[Sun Jul 05 23:55:29 2009] [INFO] Game path:		c:\Source\cpp\OpenOrion\0.3.8\new_engine\bin
[Sun Jul 05 23:55:29 2009] [INFO] Log path:		c:\Source\cpp\OpenOrion\0.3.8\new_engine\bin\log\
[Sun Jul 05 23:55:29 2009] [INFO] Config path:		c:\Source\cpp\OpenOrion\0.3.8\new_engine\bin\config\
[Sun Jul 05 23:55:29 2009] [INFO] Textures path:	c:\Source\cpp\OpenOrion\0.3.8\new_engine\bin\textures\
[Sun Jul 05 23:55:29 2009] [INFO] Fonts path:		c:\Source\cpp\OpenOrion\0.3.8\new_engine\bin\fonts\
[Sun Jul 05 23:55:29 2009] [INFO] Prototypes path:	c:\Source\cpp\OpenOrion\0.3.8\new_engine\bin\proto\
[Sun Jul 05 23:55:29 2009] [INFO] Scripts path:		c:\Source\cpp\OpenOrion\0.3.8\new_engine\bin\scripts\
[Sun Jul 05 23:55:30 2009] [INFO] Загружаем шрифт: Courier New
[Sun Jul 05 23:55:30 2009] [INFO] Загружаем текстуру: logo-cold.bmp
[Sun Jul 05 23:55:30 2009] [INFO] BMP image "c:\Source\cpp\OpenOrion\0.3.8\new_engine\bin\textures\logo-cold.bmp" loaded
[Sun Jul 05 23:55:31 2009] [INFO] Загружаем текстуру: sohchan_v2.png
[Sun Jul 05 23:55:31 2009] [WARNING] Cant load bmp file: "c:\Source\cpp\OpenOrion\0.3.8\new_engine\bin\textures\sohchan_v2.png" is not a BMP file
[Sun Jul 05 23:55:31 2009] [INFO] PNG image "c:\Source\cpp\OpenOrion\0.3.8\new_engine\bin\textures\sohchan_v2.png" loaded
[Sun Jul 05 23:55:31 2009] [INFO] Загружаем текстуру: phys_floor.png
[Sun Jul 05 23:55:31 2009] [WARNING] Cant load bmp file: "c:\Source\cpp\OpenOrion\0.3.8\new_engine\bin\textures\phys_floor.png" is not a BMP file
[Sun Jul 05 23:55:31 2009] [INFO] PNG image "c:\Source\cpp\OpenOrion\0.3.8\new_engine\bin\textures\phys_floor.png" loaded
[Sun Jul 05 23:55:31 2009] [INFO] Загружаем текстуру: 3nd_plan.png
[Sun Jul 05 23:55:31 2009] [WARNING] Cant load bmp file: "c:\Source\cpp\OpenOrion\0.3.8\new_engine\bin\textures\3nd_plan.png" is not a BMP file
[Sun Jul 05 23:55:31 2009] [INFO] PNG image "c:\Source\cpp\OpenOrion\0.3.8\new_engine\bin\textures\3nd_plan.png" loaded
[Sun Jul 05 23:55:31 2009] [INFO] Загружаем текстуру: 4nd_plan.png
[Sun Jul 05 23:55:31 2009] [WARNING] Cant load bmp file: "c:\Source\cpp\OpenOrion\0.3.8\new_engine\bin\textures\4nd_plan.png" is not a BMP file
[Sun Jul 05 23:55:31 2009] [INFO] PNG image "c:\Source\cpp\OpenOrion\0.3.8\new_engine\bin\textures\4nd_plan.png" loaded
[Sun Jul 05 23:55:31 2009] [INFO] Загружаем прототип: sohchan.lua
[Sun Jul 05 23:55:31 2009] [INFO] Загружаем прототип: logo-cold.lua
[Sun Jul 05 23:55:31 2009] [INFO] Загружаем прототип: phys_floor.lua
[Sun Jul 05 23:55:31 2009] [INFO] Загружаем прототип: 3nd_plan.lua
[Sun Jul 05 23:55:31 2009] [INFO] Загружаем прототип: 4nd_plan.lua
[Sun Jul 05 23:55:31 2009] [INFO] Cоздаем игрока: sohchan
[Sun Jul 05 23:55:31 2009] [INFO] Cоздаем спрайт: phys_floor
[Sun Jul 05 23:55:31 2009] [INFO] Cоздаем спрайт: phys_floor
[Sun Jul 05 23:55:31 2009] [INFO] Cоздаем спрайт: phys_floor
[Sun Jul 05 23:55:31 2009] [INFO] Cоздаем спрайт: phys_floor
[Sun Jul 05 23:55:31 2009] [INFO] Cоздаем спрайт: phys_floor
[Sun Jul 05 23:55:31 2009] [INFO] Cоздаем спрайт: phys_floor
[Sun Jul 05 23:55:31 2009] [INFO] Cоздаем спрайт: phys_floor
[Sun Jul 05 23:55:31 2009] [INFO] Cоздаем спрайт: phys_floor
[Sun Jul 05 23:55:31 2009] [INFO] Cоздаем спрайт: phys_floor
[Sun Jul 05 23:55:31 2009] [INFO] Cоздаем спрайт: phys_floor
[Sun Jul 05 23:55:31 2009] [INFO] Cоздаем спрайт: phys_floor
[Sun Jul 05 23:55:31 2009] [INFO] Cоздаем спрайт: phys_floor
[Sun Jul 05 23:55:31 2009] [INFO] Cоздаем спрайт: phys_floor
[Sun Jul 05 23:55:31 2009] [INFO] Cоздаем спрайт: phys_floor
[Sun Jul 05 23:55:31 2009] [INFO] Cоздаем спрайт: phys_floor
[Sun Jul 05 23:55:31 2009] [INFO] Cоздаем спрайт: phys_floor
[Sun Jul 05 23:55:31 2009] [INFO] Cоздаем спрайт: phys_floor
[Sun Jul 05 23:55:31 2009] [INFO] Cоздаем спрайт: phys_floor
[Sun Jul 05 23:55:31 2009] [INFO] Cоздаем спрайт: phys_floor
[Sun Jul 05 23:55:31 2009] [INFO] Cоздаем спрайт: phys_floor
[Sun Jul 05 23:55:31 2009] [INFO] Cоздаем спрайт: phys_floor
[Sun Jul 05 23:55:31 2009] [INFO] Cоздаем спрайт: phys_floor
[Sun Jul 05 23:55:31 2009] [INFO] Cоздаем спрайт: phys_floor
[Sun Jul 05 23:55:31 2009] [INFO] Cоздаем спрайт: phys_floor
[Sun Jul 05 23:55:31 2009] [INFO] Cоздаем спрайт: phys_floor
[Sun Jul 05 23:55:31 2009] [INFO] Cоздаем спрайт: phys_floor
[Sun Jul 05 23:55:31 2009] [INFO] Cоздаем спрайт: phys_floor
[Sun Jul 05 23:55:31 2009] [INFO] Cоздаем спрайт: phys_floor
[Sun Jul 05 23:55:31 2009] [INFO] Cоздаем спрайт: phys_floor
[Sun Jul 05 23:55:31 2009] [INFO] Cоздаем спрайт: phys_floor
[Sun Jul 05 23:55:31 2009] [INFO] Cоздаем спрайт: phys_floor
[Sun Jul 05 23:55:31 2009] [INFO] Cоздаем спрайт: phys_floor
[Sun Jul 05 23:55:31 2009] [INFO] Cоздаем спрайт: phys_floor
[Sun Jul 05 23:55:31 2009] [INFO] Cоздаем спрайт: phys_floor
[Sun Jul 05 23:55:31 2009] [INFO] Cоздаем спрайт: phys_floor
[Sun Jul 05 23:55:31 2009] [INFO] Cоздаем спрайт: phys_floor
[Sun Jul 05 23:55:31 2009] [INFO] Cоздаем спрайт: phys_floor
[Sun Jul 05 23:55:31 2009] [INFO] Cоздаем спрайт: phys_floor
[Sun Jul 05 23:55:31 2009] [INFO] Cоздаем спрайт: phys_floor
[Sun Jul 05 23:55:31 2009] [INFO] Cоздаем спрайт: phys_floor
[Sun Jul 05 23:55:31 2009] [INFO] Cоздаем спрайт: phys_floor
[Sun Jul 05 23:55:31 2009] [INFO] Cоздаем спрайт: phys_floor
[Sun Jul 05 23:55:31 2009] [INFO] Cоздаем спрайт: phys_floor
[Sun Jul 05 23:55:31 2009] [INFO] Cоздаем спрайт: phys_floor
[Sun Jul 05 23:55:31 2009] [INFO] Cоздаем спрайт: phys_floor
[Sun Jul 05 23:55:31 2009] [INFO] Cоздаем спрайт: phys_floor
[Sun Jul 05 23:55:31 2009] [INFO] Cоздаем спрайт: phys_floor
[Sun Jul 05 23:55:31 2009] [INFO] Cоздаем спрайт: phys_floor
[Sun Jul 05 23:55:31 2009] [INFO] Cоздаем спрайт: phys_floor
[Sun Jul 05 23:55:31 2009] [INFO] Cоздаем спрайт: phys_floor
[Sun Jul 05 23:55:31 2009] [INFO] Cоздаем спрайт: phys_floor
[Sun Jul 05 23:55:31 2009] [INFO] Cоздаем спрайт: phys_floor
[Sun Jul 05 23:55:31 2009] [INFO] Cоздаем спрайт: phys_floor
[Sun Jul 05 23:55:31 2009] [INFO] Cоздаем спрайт: phys_floor
[Sun Jul 05 23:55:31 2009] [INFO] Cоздаем спрайт: phys_floor
[Sun Jul 05 23:55:31 2009] [INFO] Cоздаем спрайт: phys_floor
[Sun Jul 05 23:55:31 2009] [INFO] Cоздаем спрайт: phys_floor
[Sun Jul 05 23:55:31 2009] [INFO] Cоздаем спрайт: phys_floor
[Sun Jul 05 23:55:31 2009] [INFO] Cоздаем спрайт: phys_floor
[Sun Jul 05 23:55:31 2009] [INFO] Cоздаем спрайт: phys_floor
[Sun Jul 05 23:55:31 2009] [INFO] Cоздаем спрайт: phys_floor
[Sun Jul 05 23:55:31 2009] [INFO] Cоздаем спрайт: phys_floor
[Sun Jul 05 23:55:31 2009] [INFO] Cоздаем спрайт: phys_floor
[Sun Jul 05 23:55:31 2009] [INFO] Cоздаем спрайт: phys_floor
[Sun Jul 05 23:55:31 2009] [INFO] Cоздаем спрайт: phys_floor
[Sun Jul 05 23:55:31 2009] [INFO] Cоздаем спрайт: phys_floor
[Sun Jul 05 23:55:31 2009] [INFO] Cоздаем спрайт: phys_floor
[Sun Jul 05 23:55:31 2009] [INFO] Cоздаем спрайт: phys_floor
[Sun Jul 05 23:55:31 2009] [INFO] Cоздаем спрайт: phys_floor
[Sun Jul 05 23:55:31 2009] [INFO] Cоздаем спрайт: phys_floor
[Sun Jul 05 23:55:31 2009] [INFO] Cоздаем спрайт: phys_floor
[Sun Jul 05 23:55:31 2009] [INFO] Cоздаем спрайт: phys_floor
[Sun Jul 05 23:55:31 2009] [INFO] Cоздаем спрайт: phys_floor
[Sun Jul 05 23:55:31 2009] [INFO] Cоздаем спрайт: phys_floor
[Sun Jul 05 23:55:31 2009] [INFO] Cоздаем спрайт: phys_floor
[Sun Jul 05 23:55:31 2009] [INFO] Cоздаем спрайт: phys_floor
[Sun Jul 05 23:55:31 2009] [INFO] Cоздаем спрайт: phys_floor
[Sun Jul 05 23:55:31 2009] [INFO] Cоздаем спрайт: phys_floor
[Sun Jul 05 23:55:31 2009] [INFO] Cоздаем спрайт: phys_floor
[Sun Jul 05 23:55:31 2009] [INFO] Cоздаем спрайт: phys_floor
[Sun Jul 05 23:55:31 2009] [INFO] Cоздаем спрайт: phys_floor
[Sun Jul 05 23:55:31 2009] [INFO] Cоздаем спрайт: phys_floor
[Sun Jul 05 23:55:31 2009] [INFO] Cоздаем спрайт: phys_floor
[Sun Jul 05 23:55:31 2009] [INFO] Cоздаем спрайт: phys_floor
[Sun Jul 05 23:55:31 2009] [INFO] Cоздаем спрайт: phys_floor
[Sun Jul 05 23:55:31 2009] [INFO] Cоздаем спрайт: phys_floor
[Sun Jul 05 23:55:31 2009] [INFO] Cоздаем спрайт: phys_floor
[Sun Jul 05 23:55:31 2009] [INFO] Cоздаем спрайт: phys_floor
[Sun Jul 05 23:55:31 2009] [INFO] Cоздаем спрайт: phys_floor
[Sun Jul 05 23:55:31 2009] [INFO] Cоздаем спрайт: phys_floor
[Sun Jul 05 23:55:31 2009] [INFO] Cоздаем спрайт: phys_floor
[Sun Jul 05 23:55:31 2009] [INFO] Cоздаем спрайт: phys_floor
[Sun Jul 05 23:55:31 2009] [INFO] Cоздаем спрайт: phys_floor
[Sun Jul 05 23:55:31 2009] [INFO] Cоздаем спрайт: phys_floor
[Sun Jul 05 23:55:31 2009] [INFO] Cоздаем спрайт: phys_floor
[Sun Jul 05 23:55:31 2009] [INFO] Cоздаем спрайт: phys_floor
[Sun Jul 05 23:55:31 2009] [INFO] Cоздаем спрайт: phys_floor
[Sun Jul 05 23:55:31 2009] [INFO] Cоздаем спрайт: phys_floor
[Sun Jul 05 23:55:31 2009] [INFO] Cоздаем спрайт: phys_floor
[Sun Jul 05 23:55:31 2009] [INFO] Cоздаем спрайт: phys_floor
[Sun Jul 05 23:55:31 2009] [INFO] Cоздаем спрайт: phys_floor
[Sun Jul 05 23:55:31 2009] [INFO] Cоздаем спрайт: phys_floor
[Sun Jul 05 23:55:31 2009] [INFO] Cоздаем Ribbon: 3nd_plan
