04:03:38 Log started
04:03:38 clearing string: scr_width=1024
04:03:38 string cleared (spaces): scr_width=1024
04:03:38 clearing string: scr_height=768
04:03:38 string cleared (spaces): scr_height=768
04:03:38 clearing string: bpp=16
04:03:38 string cleared (spaces): bpp=16
04:03:38 clearing string: fullscreen=0
04:03:38 string cleared (spaces): fullscreen=0
04:03:38 clearing string: vert_sync=0
04:03:38 string cleared (spaces): vert_sync=0
04:03:38 clearing string: debug=1
04:03:38 string cleared (spaces): debug=1
04:03:38 GUI created
04:03:38 appl. path:	c:\Source\cpp\OpenOrion\0.1.9\parrots
04:03:38 log path:	c:\Source\cpp\OpenOrion\0.1.9\parrots\debug.log
04:03:38 config path:	c:\Source\cpp\OpenOrion\0.1.9\parrots\default.cfg
04:03:38 textures path:	c:\Source\cpp\OpenOrion\0.1.9\parrots\textures
04:03:38 fonts path:	c:\Source\cpp\OpenOrion\0.1.9\parrots\fonts
04:03:38 definition path:	c:\Source\cpp\OpenOrion\0.1.9\parrots\def
04:03:38 Font loaded: default
04:03:38 Font loaded: log_screen
04:03:38 Font loaded: debug
04:03:38 Font loaded: star
04:03:38 Loading file: c:\Source\cpp\OpenOrion\0.1.9\parrots\def\gui.def
04:03:38 body: 
04:03:38 body: GUIDEFINITIONMainMenu.VISIBLE=1MainMenu.TEXTURE_NAME=mainscreenMainMenu.PATTERNCOUNT=1MainMenu.PATTERNCURRENT=0MainMenu.PATTERNWIDTH=580MainMenu.PATTERNHEIGHT=440MainMenu.X=50MainMenu.Y=50MainMenu.COLOR_RED=255MainMenu.COLOR_GREEN=255MainMenu.COLOR_BLUE=255MainMenu.COLOR_ALPHA=255DifficultyMenu.VISIBLE=0DifficultyMenu.TEXTURE_NAME=mainscreenDifficultyMenu.PATTERNCOUNT=1DifficultyMenu.PATTERNCURRENT=0DifficultyMenu.PATTERNWIDTH=580DifficultyMenu.PATTERNHEIGHT=440DifficultyMenu.X=50DifficultyMenu.Y=50DifficultyMenu.COLOR_RED=255DifficultyMenu.COLOR_GREEN=255DifficultyMenu.COLOR_BLUE=255DifficultyMenu.COLOR_ALPHA=255Easy.VISIBLE=0Easy.TEXTURE_NAME=button_longEasy.PATTERNCOUNT=3Easy.PATTERNCURRENT=0Easy.PATTERNWIDTH=220Easy.PATTERNHEIGHT=32Easy.X=70Easy.Y=70Easy.COLOR_RED=255Easy.COLOR_GREEN=255Easy.COLOR_BLUE=255Easy.COLOR_ALPHA=255Easy.CAPTION_FONT_NAME=defaultEasy.CAPTION_X=10Easy.CAPTION_Y=5Easy.CAPTION_COLOR_RED=255Easy.CAPTION_COLOR_GREEN=255Easy.CAPTION_COLOR_BLUE=255Easy.CAPTION_COLOR_ALPHA=255Easy.CAPTION=EasyEasy.PARENT=DifficultyMenuEasy.ACTION=4Easy.DATA=0Medium.VISIBLE=0Medium.TEXTURE_NAME=button_longMedium.PATTERNCOUNT=3Medium.PATTERNCURRENT=0Medium.PATTERNWIDTH=220Medium.PATTERNHEIGHT=32Medium.X=70Medium.Y=110Medium.COLOR_RED=255Medium.COLOR_GREEN=255Medium.COLOR_BLUE=255Medium.COLOR_ALPHA=255Medium.CAPTION_FONT_NAME=defaultMedium.CAPTION_X=10Medium.CAPTION_Y=5Medium.CAPTION_COLOR_RED=255Medium.CAPTION_COLOR_GREEN=255Medium.CAPTION_COLOR_BLUE=255Medium.CAPTION_COLOR_ALPHA=255Medium.CAPTION=MediumMedium.PARENT=DifficultyMenuMedium.ACTION=4Medium.DATA=1Back.VISIBLE=0Back.TEXTURE_NAME=button_longBack.PATTERNCOUNT=3Back.PATTERNCURRENT=0Back.PATTERNWIDTH=220Back.PATTERNHEIGHT=32Back.X=70Back.Y=150Back.COLOR_RED=255Back.COLOR_GREEN=255Back.COLOR_BLUE=255Back.COLOR_ALPHA=255Back.CAPTION_FONT_NAME=defaultBack.CAPTION_X=10Back.CAPTION_Y=5Back.CAPTION_COLOR_RED=255Back.CAPTION_COLOR_GREEN=255Back.CAPTION_COLOR_BLUE=255Back.CAPTION_COLOR_ALPHA=255Back.CAPTION=BackBack.PARENT=DifficultyMenuBack.ACTION=1Back.NEXT=MainMenuStart.VISIBLE=1Start.TEXTURE_NAME=button_longStart.PATTERNCOUNT=3Start.PATTERNCURRENT=0Start.PATTERNWIDTH=220Start.PATTERNHEIGHT=32Start.X=70Start.Y=70Start.COLOR_RED=255Start.COLOR_GREEN=255Start.COLOR_BLUE=255Start.COLOR_ALPHA=255Start.CAPTION_FONT_NAME=defaultStart.CAPTION_X=10Start.CAPTION_Y=5Start.CAPTION_COLOR_RED=255Start.CAPTION_COLOR_GREEN=255Start.CAPTION_COLOR_BLUE=255Start.CAPTION_COLOR_ALPHA=255Start.CAPTION=StartStart.PARENT=MainMenuStart.NEXT=DifficultyMenuStart.ACTION=1Load.VISIBLE=1Load.TEXTURE_NAME=button_longLoad.PATTERNCOUNT=3Load.PATTERNCURRENT=0Load.PATTERNWIDTH=220Load.PATTERNHEIGHT=32Load.X=70Load.Y=110Load.COLOR_RED=255Load.COLOR_GREEN=255Load.COLOR_BLUE=255Load.COLOR_ALPHA=255Load.CAPTION_FONT_NAME=defaultLoad.CAPTION_X=10Load.CAPTION_Y=5Load.CAPTION_COLOR_RED=255Load.CAPTION_COLOR_GREEN=255Load.CAPTION_COLOR_BLUE=255Load.CAPTION_COLOR_ALPHA=255Load.CAPTION=LoadLoad.PARENT=MainMenuOptions.VISIBLE=1Options.TEXTURE_NAME=button_longOptions.PATTERNCOUNT=3Options.PATTERNCURRENT=0Options.PATTERNWIDTH=220Options.PATTERNHEIGHT=32Options.X=70Options.Y=150Options.COLOR_RED=255Options.COLOR_GREEN=255Options.COLOR_BLUE=255Options.COLOR_ALPHA=255Options.CAPTION_FONT_NAME=defaultOptions.CAPTION_X=10Options.CAPTION_Y=5Options.CAPTION_COLOR_RED=255Options.CAPTION_COLOR_GREEN=255Options.CAPTION_COLOR_BLUE=255Options.CAPTION_COLOR_ALPHA=255Options.CAPTION=OptionsOptions.PARENT=MainMenuOptions.ACTION=0Credits.VISIBLE=1Credits.TEXTURE_NAME=button_longCredits.PATTERNCOUNT=3Credits.PATTERNCURRENT=0Credits.PATTERNWIDTH=220Credits.PATTERNHEIGHT=32Credits.X=70Credits.Y=190Credits.COLOR_RED=255Credits.COLOR_GREEN=255Credits.COLOR_BLUE=255Credits.COLOR_ALPHA=255Credits.CAPTION_FONT_NAME=defaultCredits.CAPTION_X=10Credits.CAPTION_Y=5Credits.CAPTION_COLOR_RED=255Credits.CAPTION_COLOR_GREEN=255Credits.CAPTION_COLOR_BLUE=255Credits.CAPTION_COLOR_ALPHA=255Credits.CAPTION=CreditsCredits.PARENT=MainMenuCredits.ACTION=0Exit.VISIBLE=1Exit.TEXTURE_NAME=button_longExit.PATTERNCOUNT=3Exit.PATTERNCURRENT=0Exit.PATTERNWIDTH=220Exit.PATTERNHEIGHT=32Exit.X=70Exit.Y=230Exit.COLOR_RED=255Exit.COLOR_GREEN=255Exit.COLOR_BLUE=255Exit.COLOR_ALPHA=255Exit.CAPTION_FONT_NAME=defaultExit.CAPTION_X=10Exit.CAPTION_Y=5Exit.CAPTION_COLOR_RED=255Exit.CAPTION_COLOR_GREEN=255Exit.CAPTION_COLOR_BLUE=255Exit.CAPTION_COLOR_ALPHA=255Exit.CAPTION=ExitExit.PARENT=MainMenuExit.ACTION=3
04:03:38 Loading GUI definition from file: c:\Source\cpp\OpenOrion\0.1.9\parrots\def\gui.def
04:03:38 string: MainMenu.VISIBLE=1
04:03:38 left: MainMenu
04:03:38 right: VISIBLE
04:03:38 value: 1
04:03:38 string: MainMenu.TEXTURE_NAME=mainscreen
04:03:38 left: MainMenu
04:03:38 right: TEXTURE_NAME
04:03:38 value: mainscreen
04:03:38 string: MainMenu.PATTERNCOUNT=1
04:03:38 left: MainMenu
04:03:38 right: PATTERNCOUNT
04:03:38 value: 1
04:03:38 string: MainMenu.PATTERNCURRENT=0
04:03:38 left: MainMenu
04:03:38 right: PATTERNCURRENT
04:03:38 value: 0
04:03:38 string: MainMenu.PATTERNWIDTH=580
04:03:38 left: MainMenu
04:03:38 right: PATTERNWIDTH
04:03:38 value: 580
04:03:38 string: MainMenu.PATTERNHEIGHT=440
04:03:38 left: MainMenu
04:03:38 right: PATTERNHEIGHT
04:03:38 value: 440
04:03:38 string: MainMenu.X=50
04:03:38 left: MainMenu
04:03:38 right: X
04:03:38 value: 50
04:03:38 string: MainMenu.Y=50
04:03:38 left: MainMenu
04:03:38 right: Y
04:03:38 value: 50
04:03:38 string: MainMenu.COLOR_RED=255
04:03:38 left: MainMenu
04:03:38 right: COLOR_RED
04:03:38 value: 255
04:03:38 string: MainMenu.COLOR_GREEN=255
04:03:38 left: MainMenu
04:03:38 right: COLOR_GREEN
04:03:38 value: 255
04:03:38 string: MainMenu.COLOR_BLUE=255
04:03:38 left: MainMenu
04:03:38 right: COLOR_BLUE
04:03:38 value: 255
04:03:38 string: MainMenu.COLOR_ALPHA=255
04:03:38 left: MainMenu
04:03:38 right: COLOR_ALPHA
04:03:38 value: 255
04:03:38 string: DifficultyMenu.VISIBLE=0
04:03:38 left: DifficultyMenu
04:03:38 right: VISIBLE
04:03:38 value: 0
04:03:38 string: DifficultyMenu.TEXTURE_NAME=mainscreen
04:03:38 left: DifficultyMenu
04:03:38 right: TEXTURE_NAME
04:03:38 value: mainscreen
04:03:38 string: DifficultyMenu.PATTERNCOUNT=1
04:03:38 left: DifficultyMenu
04:03:38 right: PATTERNCOUNT
04:03:38 value: 1
04:03:38 string: DifficultyMenu.PATTERNCURRENT=0
04:03:38 left: DifficultyMenu
04:03:38 right: PATTERNCURRENT
04:03:38 value: 0
04:03:38 string: DifficultyMenu.PATTERNWIDTH=580
04:03:38 left: DifficultyMenu
04:03:38 right: PATTERNWIDTH
04:03:38 value: 580
04:03:38 string: DifficultyMenu.PATTERNHEIGHT=440
04:03:38 left: DifficultyMenu
04:03:38 right: PATTERNHEIGHT
04:03:38 value: 440
04:03:38 string: DifficultyMenu.X=50
04:03:38 left: DifficultyMenu
04:03:38 right: X
04:03:38 value: 50
04:03:38 string: DifficultyMenu.Y=50
04:03:38 left: DifficultyMenu
04:03:38 right: Y
04:03:38 value: 50
04:03:38 string: DifficultyMenu.COLOR_RED=255
04:03:38 left: DifficultyMenu
04:03:38 right: COLOR_RED
04:03:38 value: 255
04:03:38 string: DifficultyMenu.COLOR_GREEN=255
04:03:38 left: DifficultyMenu
04:03:38 right: COLOR_GREEN
04:03:38 value: 255
04:03:38 string: DifficultyMenu.COLOR_BLUE=255
04:03:38 left: DifficultyMenu
04:03:38 right: COLOR_BLUE
04:03:38 value: 255
04:03:38 string: DifficultyMenu.COLOR_ALPHA=255
04:03:38 left: DifficultyMenu
04:03:38 right: COLOR_ALPHA
04:03:38 value: 255
04:03:38 string: Easy.VISIBLE=0
04:03:38 left: Easy
04:03:38 right: VISIBLE
04:03:38 value: 0
04:03:38 string: Easy.TEXTURE_NAME=button_long
04:03:38 left: Easy
04:03:38 right: TEXTURE_NAME
04:03:38 value: button_long
04:03:38 string: Easy.PATTERNCOUNT=3
04:03:38 left: Easy
04:03:38 right: PATTERNCOUNT
04:03:38 value: 3
04:03:38 string: Easy.PATTERNCURRENT=0
04:03:38 left: Easy
04:03:38 right: PATTERNCURRENT
04:03:38 value: 0
04:03:38 string: Easy.PATTERNWIDTH=220
04:03:38 left: Easy
04:03:38 right: PATTERNWIDTH
04:03:38 value: 220
04:03:38 string: Easy.PATTERNHEIGHT=32
04:03:38 left: Easy
04:03:38 right: PATTERNHEIGHT
04:03:38 value: 32
04:03:38 string: Easy.X=70
04:03:38 left: Easy
04:03:38 right: X
04:03:38 value: 70
04:03:38 string: Easy.Y=70
04:03:38 left: Easy
04:03:38 right: Y
04:03:38 value: 70
04:03:38 string: Easy.COLOR_RED=255
04:03:38 left: Easy
04:03:38 right: COLOR_RED
04:03:38 value: 255
04:03:38 string: Easy.COLOR_GREEN=255
04:03:38 left: Easy
04:03:38 right: COLOR_GREEN
04:03:38 value: 255
04:03:38 string: Easy.COLOR_BLUE=255
04:03:38 left: Easy
04:03:38 right: COLOR_BLUE
04:03:38 value: 255
04:03:38 string: Easy.COLOR_ALPHA=255
04:03:38 left: Easy
04:03:38 right: COLOR_ALPHA
04:03:38 value: 255
04:03:38 string: Easy.CAPTION_FONT_NAME=default
04:03:38 left: Easy
04:03:38 right: CAPTION_FONT_NAME
04:03:38 value: default
04:03:38 string: Easy.CAPTION_X=10
04:03:38 left: Easy
04:03:38 right: CAPTION_X
04:03:38 value: 10
04:03:38 string: Easy.CAPTION_Y=5
04:03:38 left: Easy
04:03:38 right: CAPTION_Y
04:03:38 value: 5
04:03:38 string: Easy.CAPTION_COLOR_RED=255
04:03:38 left: Easy
04:03:38 right: CAPTION_COLOR_RED
04:03:38 value: 255
04:03:38 string: Easy.CAPTION_COLOR_GREEN=255
04:03:38 left: Easy
04:03:38 right: CAPTION_COLOR_GREEN
04:03:38 value: 255
04:03:38 string: Easy.CAPTION_COLOR_BLUE=255
04:03:38 left: Easy
04:03:38 right: CAPTION_COLOR_BLUE
04:03:38 value: 255
04:03:38 string: Easy.CAPTION_COLOR_ALPHA=255
04:03:38 left: Easy
04:03:38 right: CAPTION_COLOR_ALPHA
04:03:38 value: 255
04:03:38 string: Easy.CAPTION=Easy
04:03:38 left: Easy
04:03:38 right: CAPTION
04:03:38 value: Easy
04:03:38 string: Easy.PARENT=DifficultyMenu
04:03:38 left: Easy
04:03:38 right: PARENT
04:03:38 value: DifficultyMenu
04:03:38 string: Easy.ACTION=4
04:03:38 left: Easy
04:03:38 right: ACTION
04:03:38 value: 4
04:03:38 string: Easy.DATA=0
04:03:38 left: Easy
04:03:38 right: DATA
04:03:38 value: 0
04:03:38 string: Medium.VISIBLE=0
04:03:38 left: Medium
04:03:38 right: VISIBLE
04:03:38 value: 0
04:03:38 string: Medium.TEXTURE_NAME=button_long
04:03:38 left: Medium
04:03:38 right: TEXTURE_NAME
04:03:38 value: button_long
04:03:38 string: Medium.PATTERNCOUNT=3
04:03:38 left: Medium
04:03:38 right: PATTERNCOUNT
04:03:38 value: 3
04:03:38 string: Medium.PATTERNCURRENT=0
04:03:38 left: Medium
04:03:38 right: PATTERNCURRENT
04:03:38 value: 0
04:03:38 string: Medium.PATTERNWIDTH=220
04:03:38 left: Medium
04:03:38 right: PATTERNWIDTH
04:03:38 value: 220
04:03:38 string: Medium.PATTERNHEIGHT=32
04:03:38 left: Medium
04:03:38 right: PATTERNHEIGHT
04:03:38 value: 32
04:03:38 string: Medium.X=70
04:03:38 left: Medium
04:03:38 right: X
04:03:38 value: 70
04:03:38 string: Medium.Y=110
04:03:38 left: Medium
04:03:38 right: Y
04:03:38 value: 110
04:03:38 string: Medium.COLOR_RED=255
04:03:38 left: Medium
04:03:38 right: COLOR_RED
04:03:38 value: 255
04:03:38 string: Medium.COLOR_GREEN=255
04:03:38 left: Medium
04:03:38 right: COLOR_GREEN
04:03:38 value: 255
04:03:38 string: Medium.COLOR_BLUE=255
04:03:38 left: Medium
04:03:38 right: COLOR_BLUE
04:03:38 value: 255
04:03:38 string: Medium.COLOR_ALPHA=255
04:03:38 left: Medium
04:03:38 right: COLOR_ALPHA
04:03:38 value: 255
04:03:38 string: Medium.CAPTION_FONT_NAME=default
04:03:38 left: Medium
04:03:38 right: CAPTION_FONT_NAME
04:03:38 value: default
04:03:38 string: Medium.CAPTION_X=10
04:03:38 left: Medium
04:03:38 right: CAPTION_X
04:03:38 value: 10
04:03:38 string: Medium.CAPTION_Y=5
04:03:38 left: Medium
04:03:38 right: CAPTION_Y
04:03:38 value: 5
04:03:38 string: Medium.CAPTION_COLOR_RED=255
04:03:38 left: Medium
04:03:38 right: CAPTION_COLOR_RED
04:03:38 value: 255
04:03:38 string: Medium.CAPTION_COLOR_GREEN=255
04:03:38 left: Medium
04:03:38 right: CAPTION_COLOR_GREEN
04:03:38 value: 255
04:03:38 string: Medium.CAPTION_COLOR_BLUE=255
04:03:38 left: Medium
04:03:38 right: CAPTION_COLOR_BLUE
04:03:38 value: 255
04:03:38 string: Medium.CAPTION_COLOR_ALPHA=255
04:03:38 left: Medium
04:03:38 right: CAPTION_COLOR_ALPHA
04:03:38 value: 255
04:03:38 string: Medium.CAPTION=Medium
04:03:38 left: Medium
04:03:38 right: CAPTION
04:03:38 value: Medium
04:03:38 string: Medium.PARENT=DifficultyMenu
04:03:38 left: Medium
04:03:38 right: PARENT
04:03:38 value: DifficultyMenu
04:03:38 string: Medium.ACTION=4
04:03:38 left: Medium
04:03:38 right: ACTION
04:03:38 value: 4
04:03:38 string: Medium.DATA=1
04:03:38 left: Medium
04:03:38 right: DATA
04:03:38 value: 1
04:03:38 string: Back.VISIBLE=0
04:03:38 left: Back
04:03:38 right: VISIBLE
04:03:38 value: 0
04:03:38 string: Back.TEXTURE_NAME=button_long
04:03:38 left: Back
04:03:38 right: TEXTURE_NAME
04:03:38 value: button_long
04:03:38 string: Back.PATTERNCOUNT=3
04:03:38 left: Back
04:03:38 right: PATTERNCOUNT
04:03:38 value: 3
04:03:38 string: Back.PATTERNCURRENT=0
04:03:38 left: Back
04:03:38 right: PATTERNCURRENT
04:03:38 value: 0
04:03:38 string: Back.PATTERNWIDTH=220
04:03:38 left: Back
04:03:38 right: PATTERNWIDTH
04:03:38 value: 220
04:03:38 string: Back.PATTERNHEIGHT=32
04:03:38 left: Back
04:03:38 right: PATTERNHEIGHT
04:03:38 value: 32
04:03:38 string: Back.X=70
04:03:38 left: Back
04:03:38 right: X
04:03:38 value: 70
04:03:38 string: Back.Y=150
04:03:38 left: Back
04:03:38 right: Y
04:03:38 value: 150
04:03:38 string: Back.COLOR_RED=255
04:03:38 left: Back
04:03:38 right: COLOR_RED
04:03:38 value: 255
04:03:38 string: Back.COLOR_GREEN=255
04:03:38 left: Back
04:03:38 right: COLOR_GREEN
04:03:38 value: 255
04:03:38 string: Back.COLOR_BLUE=255
04:03:38 left: Back
04:03:38 right: COLOR_BLUE
04:03:38 value: 255
04:03:38 string: Back.COLOR_ALPHA=255
04:03:38 left: Back
04:03:38 right: COLOR_ALPHA
04:03:38 value: 255
04:03:38 string: Back.CAPTION_FONT_NAME=default
04:03:38 left: Back
04:03:38 right: CAPTION_FONT_NAME
04:03:38 value: default
04:03:38 string: Back.CAPTION_X=10
04:03:38 left: Back
04:03:38 right: CAPTION_X
04:03:38 value: 10
04:03:38 string: Back.CAPTION_Y=5
04:03:38 left: Back
04:03:38 right: CAPTION_Y
04:03:38 value: 5
04:03:38 string: Back.CAPTION_COLOR_RED=255
04:03:38 left: Back
04:03:38 right: CAPTION_COLOR_RED
04:03:38 value: 255
04:03:38 string: Back.CAPTION_COLOR_GREEN=255
04:03:38 left: Back
04:03:38 right: CAPTION_COLOR_GREEN
04:03:38 value: 255
04:03:38 string: Back.CAPTION_COLOR_BLUE=255
04:03:38 left: Back
04:03:38 right: CAPTION_COLOR_BLUE
04:03:38 value: 255
04:03:38 string: Back.CAPTION_COLOR_ALPHA=255
04:03:38 left: Back
04:03:38 right: CAPTION_COLOR_ALPHA
04:03:38 value: 255
04:03:38 string: Back.CAPTION=Back
04:03:38 left: Back
04:03:38 right: CAPTION
04:03:38 value: Back
04:03:38 string: Back.PARENT=DifficultyMenu
04:03:38 left: Back
04:03:38 right: PARENT
04:03:38 value: DifficultyMenu
04:03:38 string: Back.ACTION=1
04:03:38 left: Back
04:03:38 right: ACTION
04:03:38 value: 1
04:03:38 string: Back.NEXT=MainMenu
04:03:38 left: Back
04:03:38 right: NEXT
04:03:38 value: MainMenu
04:03:38 string: Start.VISIBLE=1
04:03:38 left: Start
04:03:38 right: VISIBLE
04:03:38 value: 1
04:03:38 string: Start.TEXTURE_NAME=button_long
04:03:38 left: Start
04:03:38 right: TEXTURE_NAME
04:03:38 value: button_long
04:03:38 string: Start.PATTERNCOUNT=3
04:03:38 left: Start
04:03:38 right: PATTERNCOUNT
04:03:38 value: 3
04:03:38 string: Start.PATTERNCURRENT=0
04:03:38 left: Start
04:03:38 right: PATTERNCURRENT
04:03:38 value: 0
04:03:38 string: Start.PATTERNWIDTH=220
04:03:38 left: Start
04:03:38 right: PATTERNWIDTH
04:03:38 value: 220
04:03:38 string: Start.PATTERNHEIGHT=32
04:03:38 left: Start
04:03:38 right: PATTERNHEIGHT
04:03:38 value: 32
04:03:38 string: Start.X=70
04:03:38 left: Start
04:03:38 right: X
04:03:38 value: 70
04:03:38 string: Start.Y=70
04:03:38 left: Start
04:03:38 right: Y
04:03:38 value: 70
04:03:38 string: Start.COLOR_RED=255
04:03:38 left: Start
04:03:38 right: COLOR_RED
04:03:38 value: 255
04:03:38 string: Start.COLOR_GREEN=255
04:03:38 left: Start
04:03:38 right: COLOR_GREEN
04:03:38 value: 255
04:03:38 string: Start.COLOR_BLUE=255
04:03:38 left: Start
04:03:38 right: COLOR_BLUE
04:03:38 value: 255
04:03:38 string: Start.COLOR_ALPHA=255
04:03:38 left: Start
04:03:38 right: COLOR_ALPHA
04:03:38 value: 255
04:03:38 string: Start.CAPTION_FONT_NAME=default
04:03:38 left: Start
04:03:38 right: CAPTION_FONT_NAME
04:03:38 value: default
04:03:38 string: Start.CAPTION_X=10
04:03:38 left: Start
04:03:38 right: CAPTION_X
04:03:38 value: 10
04:03:38 string: Start.CAPTION_Y=5
04:03:38 left: Start
04:03:38 right: CAPTION_Y
04:03:38 value: 5
04:03:38 string: Start.CAPTION_COLOR_RED=255
04:03:38 left: Start
04:03:38 right: CAPTION_COLOR_RED
04:03:38 value: 255
04:03:38 string: Start.CAPTION_COLOR_GREEN=255
04:03:38 left: Start
04:03:38 right: CAPTION_COLOR_GREEN
04:03:38 value: 255
04:03:38 string: Start.CAPTION_COLOR_BLUE=255
04:03:38 left: Start
04:03:38 right: CAPTION_COLOR_BLUE
04:03:38 value: 255
04:03:38 string: Start.CAPTION_COLOR_ALPHA=255
04:03:38 left: Start
04:03:38 right: CAPTION_COLOR_ALPHA
04:03:38 value: 255
04:03:38 string: Start.CAPTION=Start
04:03:38 left: Start
04:03:38 right: CAPTION
04:03:38 value: Start
04:03:38 string: Start.PARENT=MainMenu
04:03:38 left: Start
04:03:38 right: PARENT
04:03:38 value: MainMenu
04:03:38 string: Start.NEXT=DifficultyMenu
04:03:38 left: Start
04:03:38 right: NEXT
04:03:38 value: DifficultyMenu
04:03:38 string: Start.ACTION=1
04:03:38 left: Start
04:03:38 right: ACTION
04:03:38 value: 1
04:03:38 string: Load.VISIBLE=1
04:03:38 left: Load
04:03:38 right: VISIBLE
04:03:38 value: 1
04:03:38 string: Load.TEXTURE_NAME=button_long
04:03:38 left: Load
04:03:38 right: TEXTURE_NAME
04:03:38 value: button_long
04:03:38 string: Load.PATTERNCOUNT=3
04:03:38 left: Load
04:03:38 right: PATTERNCOUNT
04:03:38 value: 3
04:03:38 string: Load.PATTERNCURRENT=0
04:03:38 left: Load
04:03:38 right: PATTERNCURRENT
04:03:38 value: 0
04:03:38 string: Load.PATTERNWIDTH=220
04:03:38 left: Load
04:03:38 right: PATTERNWIDTH
04:03:38 value: 220
04:03:38 string: Load.PATTERNHEIGHT=32
04:03:38 left: Load
04:03:38 right: PATTERNHEIGHT
04:03:38 value: 32
04:03:38 string: Load.X=70
04:03:38 left: Load
04:03:38 right: X
04:03:38 value: 70
04:03:38 string: Load.Y=110
04:03:38 left: Load
04:03:38 right: Y
04:03:38 value: 110
04:03:38 string: Load.COLOR_RED=255
04:03:38 left: Load
04:03:38 right: COLOR_RED
04:03:38 value: 255
04:03:38 string: Load.COLOR_GREEN=255
04:03:38 left: Load
04:03:38 right: COLOR_GREEN
04:03:38 value: 255
04:03:38 string: Load.COLOR_BLUE=255
04:03:38 left: Load
04:03:38 right: COLOR_BLUE
04:03:38 value: 255
04:03:38 string: Load.COLOR_ALPHA=255
04:03:38 left: Load
04:03:38 right: COLOR_ALPHA
04:03:38 value: 255
04:03:38 string: Load.CAPTION_FONT_NAME=default
04:03:38 left: Load
04:03:38 right: CAPTION_FONT_NAME
04:03:38 value: default
04:03:38 string: Load.CAPTION_X=10
04:03:38 left: Load
04:03:38 right: CAPTION_X
04:03:38 value: 10
04:03:38 string: Load.CAPTION_Y=5
04:03:38 left: Load
04:03:38 right: CAPTION_Y
04:03:38 value: 5
04:03:38 string: Load.CAPTION_COLOR_RED=255
04:03:38 left: Load
04:03:38 right: CAPTION_COLOR_RED
04:03:38 value: 255
04:03:38 string: Load.CAPTION_COLOR_GREEN=255
04:03:38 left: Load
04:03:38 right: CAPTION_COLOR_GREEN
04:03:38 value: 255
04:03:38 string: Load.CAPTION_COLOR_BLUE=255
04:03:38 left: Load
04:03:38 right: CAPTION_COLOR_BLUE
04:03:38 value: 255
04:03:38 string: Load.CAPTION_COLOR_ALPHA=255
04:03:38 left: Load
04:03:38 right: CAPTION_COLOR_ALPHA
04:03:38 value: 255
04:03:38 string: Load.CAPTION=Load
04:03:38 left: Load
04:03:38 right: CAPTION
04:03:38 value: Load
04:03:38 string: Load.PARENT=MainMenu
04:03:38 left: Load
04:03:38 right: PARENT
04:03:38 value: MainMenu
04:03:38 string: Options.VISIBLE=1
04:03:38 left: Options
04:03:38 right: VISIBLE
04:03:38 value: 1
04:03:38 string: Options.TEXTURE_NAME=button_long
04:03:38 left: Options
04:03:38 right: TEXTURE_NAME
04:03:38 value: button_long
04:03:38 string: Options.PATTERNCOUNT=3
04:03:38 left: Options
04:03:38 right: PATTERNCOUNT
04:03:38 value: 3
04:03:38 string: Options.PATTERNCURRENT=0
04:03:38 left: Options
04:03:38 right: PATTERNCURRENT
04:03:38 value: 0
04:03:38 string: Options.PATTERNWIDTH=220
04:03:38 left: Options
04:03:38 right: PATTERNWIDTH
04:03:38 value: 220
04:03:38 string: Options.PATTERNHEIGHT=32
04:03:38 left: Options
04:03:38 right: PATTERNHEIGHT
04:03:38 value: 32
04:03:38 string: Options.X=70
04:03:38 left: Options
04:03:38 right: X
04:03:38 value: 70
04:03:38 string: Options.Y=150
04:03:38 left: Options
04:03:38 right: Y
04:03:38 value: 150
04:03:38 string: Options.COLOR_RED=255
04:03:38 left: Options
04:03:38 right: COLOR_RED
04:03:38 value: 255
04:03:38 string: Options.COLOR_GREEN=255
04:03:38 left: Options
04:03:38 right: COLOR_GREEN
04:03:38 value: 255
04:03:38 string: Options.COLOR_BLUE=255
04:03:38 left: Options
04:03:38 right: COLOR_BLUE
04:03:38 value: 255
04:03:38 string: Options.COLOR_ALPHA=255
04:03:38 left: Options
04:03:38 right: COLOR_ALPHA
04:03:38 value: 255
04:03:38 string: Options.CAPTION_FONT_NAME=default
04:03:38 left: Options
04:03:38 right: CAPTION_FONT_NAME
04:03:38 value: default
04:03:38 string: Options.CAPTION_X=10
04:03:38 left: Options
04:03:38 right: CAPTION_X
04:03:38 value: 10
04:03:38 string: Options.CAPTION_Y=5
04:03:38 left: Options
04:03:38 right: CAPTION_Y
04:03:38 value: 5
04:03:38 string: Options.CAPTION_COLOR_RED=255
04:03:38 left: Options
04:03:38 right: CAPTION_COLOR_RED
04:03:38 value: 255
04:03:38 string: Options.CAPTION_COLOR_GREEN=255
04:03:38 left: Options
04:03:38 right: CAPTION_COLOR_GREEN
04:03:38 value: 255
04:03:38 string: Options.CAPTION_COLOR_BLUE=255
04:03:38 left: Options
04:03:38 right: CAPTION_COLOR_BLUE
04:03:38 value: 255
04:03:38 string: Options.CAPTION_COLOR_ALPHA=255
04:03:38 left: Options
04:03:38 right: CAPTION_COLOR_ALPHA
04:03:38 value: 255
04:03:38 string: Options.CAPTION=Options
04:03:38 left: Options
04:03:38 right: CAPTION
04:03:38 value: Options
04:03:38 string: Options.PARENT=MainMenu
04:03:38 left: Options
04:03:38 right: PARENT
04:03:38 value: MainMenu
04:03:38 string: Options.ACTION=0
04:03:38 left: Options
04:03:38 right: ACTION
04:03:38 value: 0
04:03:38 string: Credits.VISIBLE=1
04:03:38 left: Credits
04:03:38 right: VISIBLE
04:03:38 value: 1
04:03:38 string: Credits.TEXTURE_NAME=button_long
04:03:38 left: Credits
04:03:38 right: TEXTURE_NAME
04:03:38 value: button_long
04:03:38 string: Credits.PATTERNCOUNT=3
04:03:38 left: Credits
04:03:38 right: PATTERNCOUNT
04:03:38 value: 3
04:03:38 string: Credits.PATTERNCURRENT=0
04:03:38 left: Credits
04:03:38 right: PATTERNCURRENT
04:03:38 value: 0
04:03:38 string: Credits.PATTERNWIDTH=220
04:03:38 left: Credits
04:03:38 right: PATTERNWIDTH
04:03:38 value: 220
04:03:38 string: Credits.PATTERNHEIGHT=32
04:03:38 left: Credits
04:03:38 right: PATTERNHEIGHT
04:03:38 value: 32
04:03:38 string: Credits.X=70
04:03:38 left: Credits
04:03:38 right: X
04:03:38 value: 70
04:03:38 string: Credits.Y=190
04:03:38 left: Credits
04:03:38 right: Y
04:03:38 value: 190
04:03:38 string: Credits.COLOR_RED=255
04:03:38 left: Credits
04:03:38 right: COLOR_RED
04:03:38 value: 255
04:03:38 string: Credits.COLOR_GREEN=255
04:03:38 left: Credits
04:03:38 right: COLOR_GREEN
04:03:38 value: 255
04:03:38 string: Credits.COLOR_BLUE=255
04:03:38 left: Credits
04:03:38 right: COLOR_BLUE
04:03:38 value: 255
04:03:38 string: Credits.COLOR_ALPHA=255
04:03:38 left: Credits
04:03:38 right: COLOR_ALPHA
04:03:38 value: 255
04:03:38 string: Credits.CAPTION_FONT_NAME=default
04:03:38 left: Credits
04:03:38 right: CAPTION_FONT_NAME
04:03:38 value: default
04:03:38 string: Credits.CAPTION_X=10
04:03:38 left: Credits
04:03:38 right: CAPTION_X
04:03:38 value: 10
04:03:38 string: Credits.CAPTION_Y=5
04:03:38 left: Credits
04:03:38 right: CAPTION_Y
04:03:38 value: 5
04:03:38 string: Credits.CAPTION_COLOR_RED=255
04:03:38 left: Credits
04:03:38 right: CAPTION_COLOR_RED
04:03:38 value: 255
04:03:38 string: Credits.CAPTION_COLOR_GREEN=255
04:03:38 left: Credits
04:03:38 right: CAPTION_COLOR_GREEN
04:03:38 value: 255
04:03:38 string: Credits.CAPTION_COLOR_BLUE=255
04:03:38 left: Credits
04:03:38 right: CAPTION_COLOR_BLUE
04:03:38 value: 255
04:03:38 string: Credits.CAPTION_COLOR_ALPHA=255
04:03:38 left: Credits
04:03:38 right: CAPTION_COLOR_ALPHA
04:03:38 value: 255
04:03:38 string: Credits.CAPTION=Credits
04:03:38 left: Credits
04:03:38 right: CAPTION
04:03:38 value: Credits
04:03:38 string: Credits.PARENT=MainMenu
04:03:38 left: Credits
04:03:38 right: PARENT
04:03:38 value: MainMenu
04:03:38 string: Credits.ACTION=0
04:03:38 left: Credits
04:03:38 right: ACTION
04:03:38 value: 0
04:03:38 string: Exit.VISIBLE=1
04:03:38 left: Exit
04:03:38 right: VISIBLE
04:03:38 value: 1
04:03:38 string: Exit.TEXTURE_NAME=button_long
04:03:38 left: Exit
04:03:38 right: TEXTURE_NAME
04:03:38 value: button_long
04:03:38 string: Exit.PATTERNCOUNT=3
04:03:38 left: Exit
04:03:38 right: PATTERNCOUNT
04:03:38 value: 3
04:03:38 string: Exit.PATTERNCURRENT=0
04:03:38 left: Exit
04:03:38 right: PATTERNCURRENT
04:03:38 value: 0
04:03:38 string: Exit.PATTERNWIDTH=220
04:03:38 left: Exit
04:03:38 right: PATTERNWIDTH
04:03:38 value: 220
04:03:38 string: Exit.PATTERNHEIGHT=32
04:03:38 left: Exit
04:03:38 right: PATTERNHEIGHT
04:03:38 value: 32
04:03:38 string: Exit.X=70
04:03:38 left: Exit
04:03:38 right: X
04:03:38 value: 70
04:03:38 string: Exit.Y=230
04:03:38 left: Exit
04:03:38 right: Y
04:03:38 value: 230
04:03:38 string: Exit.COLOR_RED=255
04:03:38 left: Exit
04:03:38 right: COLOR_RED
04:03:38 value: 255
04:03:38 string: Exit.COLOR_GREEN=255
04:03:38 left: Exit
04:03:38 right: COLOR_GREEN
04:03:38 value: 255
04:03:38 string: Exit.COLOR_BLUE=255
04:03:38 left: Exit
04:03:38 right: COLOR_BLUE
04:03:38 value: 255
04:03:38 string: Exit.COLOR_ALPHA=255
04:03:38 left: Exit
04:03:38 right: COLOR_ALPHA
04:03:38 value: 255
04:03:38 string: Exit.CAPTION_FONT_NAME=default
04:03:38 left: Exit
04:03:38 right: CAPTION_FONT_NAME
04:03:38 value: default
04:03:38 string: Exit.CAPTION_X=10
04:03:38 left: Exit
04:03:38 right: CAPTION_X
04:03:38 value: 10
04:03:38 string: Exit.CAPTION_Y=5
04:03:38 left: Exit
04:03:38 right: CAPTION_Y
04:03:38 value: 5
04:03:38 string: Exit.CAPTION_COLOR_RED=255
04:03:38 left: Exit
04:03:38 right: CAPTION_COLOR_RED
04:03:38 value: 255
04:03:38 string: Exit.CAPTION_COLOR_GREEN=255
04:03:38 left: Exit
04:03:38 right: CAPTION_COLOR_GREEN
04:03:38 value: 255
04:03:38 string: Exit.CAPTION_COLOR_BLUE=255
04:03:38 left: Exit
04:03:38 right: CAPTION_COLOR_BLUE
04:03:38 value: 255
04:03:38 string: Exit.CAPTION_COLOR_ALPHA=255
04:03:38 left: Exit
04:03:38 right: CAPTION_COLOR_ALPHA
04:03:38 value: 255
04:03:38 string: Exit.CAPTION=Exit
04:03:38 left: Exit
04:03:38 right: CAPTION
04:03:38 value: Exit
04:03:38 string: Exit.PARENT=MainMenu
04:03:38 left: Exit
04:03:38 right: PARENT
04:03:38 value: MainMenu
04:03:38 string: Exit.ACTION=3
04:03:38 left: Exit
04:03:38 right: ACTION
04:03:38 value: 3
04:03:38 PARSE RECORD::key = 0
04:03:38 PARSE RECORD::min = 0
04:03:38 PARSE RECORD::max = 0
04:03:38 PARSE RECORD::cnd = 4
04:03:38 PARSE RECORD::what-to-do = 
04:03:38 GUI created
04:03:38 Created GUIcontrol: GID=1; name=MainMenu
04:03:38 Created GUIcontrol: GID=2; name=DifficultyMenu
04:03:38 Created GUIcontrol: GID=3; name=Easy
04:03:38 Created GUIcontrol: GID=4; name=Medium
04:03:38 Created GUIcontrol: GID=5; name=Back
04:03:38 Created GUIcontrol: GID=6; name=Start
04:03:38 Created GUIcontrol: GID=7; name=Load
04:03:38 Created GUIcontrol: GID=8; name=Options
04:03:38 Created GUIcontrol: GID=9; name=Credits
04:03:38 Created GUIcontrol: GID=10; name=Exit
04:03:38 DifficultyMenu is set as a parent to Easy
04:03:38 DifficultyMenu is set as a parent to Medium
04:03:38 DifficultyMenu is set as a parent to Back
04:03:38 MainMenu is set as a parent to Start
04:03:38 MainMenu is set as a parent to Load
04:03:38 MainMenu is set as a parent to Options
04:03:38 MainMenu is set as a parent to Credits
04:03:38 MainMenu is set as a parent to Exit
04:03:40 Finished logging
